Starting job 15565872 ("submitscript") on c16-35 at Sun Sep 11 20:49:00 CEST 2016
TASK_IDs to submit: 501,502,503,504,505,506,507,508,509,510,511,512,513,514,515,516,517,518,519,520,521,522,523,524,525,526,527,528,529,530,531,532,533,534,535,536,601,602,603,604,605,606,607,608,609,610,611,612,613,614,615,616,617,618,619,620,621,622,623,624,625,626,627,628,629,630,631,632
Command line: workerscript
Main job id: 15565872
Start time: 2016-09-11
Sun Sep 11 20:49:00 2016: Submitting jobs...
68 more job(s) to submit
0 job(s) are running, and 0 are waiting
Submitting 10 job(s):
 TASK_ID 501:
  Result from submit: Submitted batch job 15565873 => job ID 15565873
 TASK_ID 502:
  Result from submit: Submitted batch job 15565874 => job ID 15565874
 TASK_ID 503:
  Result from submit: Submitted batch job 15565875 => job ID 15565875
 TASK_ID 504:
  Result from submit: Submitted batch job 15565876 => job ID 15565876
 TASK_ID 505:
  Result from submit: Submitted batch job 15565877 => job ID 15565877
 TASK_ID 506:
  Result from submit: Submitted batch job 15565878 => job ID 15565878
 TASK_ID 507:
  Result from submit: Submitted batch job 15565879 => job ID 15565879
 TASK_ID 508:
  Result from submit: Submitted batch job 15565880 => job ID 15565880
 TASK_ID 509:
  Result from submit: Submitted batch job 15565881 => job ID 15565881
 TASK_ID 510:
  Result from submit: Submitted batch job 15565882 => job ID 15565882
Sleeping...
Sun Sep 11 20:51:01 2016: Checking queue...
Number of jobs to check: 10
 Job 15565873 is still running
 Job 15565874 is still running
 Job 15565875 has finished:
       JobID               Start                 End  MaxVMSize     MaxRSS      State ExitCode 
  ------------ ------------------- ------------------- ---------- ---------- ---------- -------- 
  15565875     2016-09-11T20:49:49 2016-09-11T20:49:50                           FAILED      1:0 
  15565875.ba+ 2016-09-11T20:49:49 2016-09-11T20:49:50    212688K      1831K     FAILED      1:0 
 Job 15565876 is still running
 Job 15565877 is still running
 Job 15565878 is still running
 Job 15565879 has finished:
       JobID               Start                 End  MaxVMSize     MaxRSS      State ExitCode 
  ------------ ------------------- ------------------- ---------- ---------- ---------- -------- 
  15565879     2016-09-11T20:50:00 2016-09-11T20:50:01                           FAILED      1:0 
  15565879.ba+ 2016-09-11T20:50:00 2016-09-11T20:50:01    212724K      1769K     FAILED      1:0 
 Job 15565880 has finished:
       JobID               Start                 End  MaxVMSize     MaxRSS      State ExitCode 
  ------------ ------------------- ------------------- ---------- ---------- ---------- -------- 
  15565880     2016-09-11T20:50:00 2016-09-11T20:50:01                           FAILED      1:0 
  15565880.ba+ 2016-09-11T20:50:00 2016-09-11T20:50:01    212724K      1910K     FAILED      1:0 
 Job 15565881 is still running
 Job 15565882 is still running
Sun Sep 11 20:51:12 2016: Submitting jobs...
58 more job(s) to submit
7 job(s) are running, and 0 are waiting
Submitting 10 job(s):
 TASK_ID 511:
  Result from submit: Submitted batch job 15565884 => job ID 15565884
 TASK_ID 512:
  Result from submit: Submitted batch job 15565885 => job ID 15565885
 TASK_ID 513:
  Result from submit: Submitted batch job 15565886 => job ID 15565886
 TASK_ID 514:
  Result from submit: Submitted batch job 15565887 => job ID 15565887
 TASK_ID 515:
  Result from submit: Submitted batch job 15565888 => job ID 15565888
 TASK_ID 516:
  Result from submit: Submitted batch job 15565889 => job ID 15565889
 TASK_ID 517:
  Result from submit: Submitted batch job 15565890 => job ID 15565890
 TASK_ID 518:
  Result from submit: Submitted batch job 15565891 => job ID 15565891
 TASK_ID 519:
  Result from submit: Submitted batch job 15565892 => job ID 15565892
 TASK_ID 520:
  Result from submit: Submitted batch job 15565895 => job ID 15565895
Sleeping...
Sun Sep 11 20:53:11 2016: Checking queue...
Number of jobs to check: 17
 Job 15565873 is still running
 Job 15565874 is still running
 Job 15565876 is still running
 Job 15565877 is still running
 Job 15565878 is still running
 Job 15565881 is still running
 Job 15565882 is still running
 Job 15565884 is still running
 Job 15565885 is still running
 Job 15565886 is still running
 Job 15565887 has finished:
       JobID               Start                 End  MaxVMSize     MaxRSS      State ExitCode 
  ------------ ------------------- ------------------- ---------- ---------- ---------- -------- 
  15565887     2016-09-11T20:52:00 2016-09-11T20:52:01                           FAILED      1:0 
  15565887.ba+ 2016-09-11T20:52:00 2016-09-11T20:52:01    212724K      1677K     FAILED      1:0 
 Job 15565888 is still running
 Job 15565889 is still running
 Job 15565890 is still running
 Job 15565891 is still running
 Job 15565892 is still running
 Job 15565895 is still running
Sun Sep 11 20:53:22 2016: Submitting jobs...
48 more job(s) to submit
16 job(s) are running, and 0 are waiting
Submitting 10 job(s):
 TASK_ID 521:
  Result from submit: Submitted batch job 15565903 => job ID 15565903
 TASK_ID 522:
  Result from submit: Submitted batch job 15565904 => job ID 15565904
 TASK_ID 523:
  Result from submit: Submitted batch job 15565905 => job ID 15565905
 TASK_ID 524:
  Result from submit: Submitted batch job 15565906 => job ID 15565906
 TASK_ID 525:
  Result from submit: Submitted batch job 15565907 => job ID 15565907
 TASK_ID 526:
  Result from submit: Submitted batch job 15565908 => job ID 15565908
 TASK_ID 527:
  Result from submit: Submitted batch job 15565909 => job ID 15565909
 TASK_ID 528:
  Result from submit: Submitted batch job 15565910 => job ID 15565910
 TASK_ID 529:
  Result from submit: Submitted batch job 15565911 => job ID 15565911
 TASK_ID 530:
  Result from submit: Submitted batch job 15565912 => job ID 15565912
Sleeping...
Sun Sep 11 20:55:19 2016: Checking queue...
Number of jobs to check: 26
 Job 15565873 is still running
 Job 15565874 is still running
 Job 15565876 is still running
 Job 15565877 is still running
 Job 15565878 is still running
 Job 15565881 is still running
 Job 15565882 is still running
 Job 15565884 is still running
 Job 15565885 is still running
 Job 15565886 is still running
 Job 15565888 is still running
 Job 15565889 is still running
 Job 15565890 is still running
 Job 15565891 is still running
 Job 15565892 is still running
 Job 15565895 is still running
 Job 15565903 is still running
 Job 15565904 is still running
 Job 15565905 is still running
 Job 15565906 is still running
 Job 15565907 is still running
 Job 15565908 is still running
 Job 15565909 is still running
 Job 15565910 is still running
 Job 15565911 is still running
 Job 15565912 has finished:
       JobID               Start                 End  MaxVMSize     MaxRSS      State ExitCode 
  ------------ ------------------- ------------------- ---------- ---------- ---------- -------- 
  15565912     2016-09-11T20:54:00 2016-09-11T20:54:02                           FAILED      1:0 
  15565912.ba+ 2016-09-11T20:54:00 2016-09-11T20:54:02    212724K      1823K     FAILED      1:0 
Sun Sep 11 20:55:30 2016: Submitting jobs...
38 more job(s) to submit
25 job(s) are running, and 0 are waiting
Submitting 10 job(s):
 TASK_ID 531:
  Result from submit: Submitted batch job 15565917 => job ID 15565917
 TASK_ID 532:
  Result from submit: Submitted batch job 15565918 => job ID 15565918
 TASK_ID 533:
  Result from submit: Submitted batch job 15565919 => job ID 15565919
 TASK_ID 534:
  Result from submit: Submitted batch job 15565920 => job ID 15565920
 TASK_ID 535:
  Result from submit: Submitted batch job 15565921 => job ID 15565921
 TASK_ID 536:
  Result from submit: Submitted batch job 15565922 => job ID 15565922
 TASK_ID 601:
  Result from submit: Submitted batch job 15565923 => job ID 15565923
 TASK_ID 602:
  Result from submit: Submitted batch job 15565924 => job ID 15565924
 TASK_ID 603:
  Result from submit: Submitted batch job 15565925 => job ID 15565925
 TASK_ID 604:
  Result from submit: Submitted batch job 15565926 => job ID 15565926
Sleeping...
Sun Sep 11 20:57:31 2016: Checking queue...
Number of jobs to check: 35
 Job 15565873 is still running
 Job 15565874 is still running
 Job 15565876 is still running
 Job 15565877 is still running
 Job 15565878 is still running
 Job 15565881 is still running
 Job 15565882 is still running
 Job 15565884 is still running
 Job 15565885 is still running
 Job 15565886 is still running
 Job 15565888 is still running
 Job 15565889 is still running
 Job 15565890 is still running
 Job 15565891 is still running
 Job 15565892 is still running
 Job 15565895 is still running
 Job 15565903 is still running
 Job 15565904 is still running
 Job 15565905 is still running
 Job 15565906 is still running
 Job 15565907 is still running
 Job 15565908 is still running
 Job 15565909 is still running
 Job 15565910 is still running
 Job 15565911 is still running
 Job 15565917 is still running
 Job 15565918 is still running
 Job 15565919 is still running
 Job 15565920 is still running
 Job 15565921 is still running
 Job 15565922 is still running
 Job 15565923 is still running
 Job 15565924 is still running
 Job 15565925 is still running
 Job 15565926 is still running
Sun Sep 11 20:57:42 2016: Submitting jobs...
28 more job(s) to submit
35 job(s) are running, and 0 are waiting
Submitting 10 job(s):
 TASK_ID 605:
  Result from submit: Submitted batch job 15565964 => job ID 15565964
 TASK_ID 606:
  Result from submit: Submitted batch job 15565965 => job ID 15565965
 TASK_ID 607:
  Result from submit: Submitted batch job 15565966 => job ID 15565966
 TASK_ID 608:
  Result from submit: Submitted batch job 15565967 => job ID 15565967
 TASK_ID 609:
  Result from submit: Submitted batch job 15565968 => job ID 15565968
 TASK_ID 610:
  Result from submit: Submitted batch job 15565969 => job ID 15565969
 TASK_ID 611:
  Result from submit: Submitted batch job 15565970 => job ID 15565970
 TASK_ID 612:
  Result from submit: Submitted batch job 15565971 => job ID 15565971
 TASK_ID 613:
  Result from submit: Submitted batch job 15565972 => job ID 15565972
 TASK_ID 614:
  Result from submit: Submitted batch job 15565973 => job ID 15565973
Sleeping...
Sun Sep 11 20:59:37 2016: Checking queue...
Number of jobs to check: 45
 Job 15565873 is still running
 Job 15565874 is still running
 Job 15565876 is still running
 Job 15565877 is still running
 Job 15565878 is still running
 Job 15565881 is still running
 Job 15565882 is still running
 Job 15565884 is still running
 Job 15565885 is still running
 Job 15565886 is still running
 Job 15565888 is still running
 Job 15565889 is still running
 Job 15565890 is still running
 Job 15565891 is still running
 Job 15565892 is still running
 Job 15565895 is still running
 Job 15565903 is still running
 Job 15565904 is still running
 Job 15565905 is still running
 Job 15565906 is still running
 Job 15565907 is still running
 Job 15565908 is still running
 Job 15565909 is still running
 Job 15565910 is still running
 Job 15565911 is still running
 Job 15565917 is still running
 Job 15565918 is still running
 Job 15565919 is still running
 Job 15565920 is still running
 Job 15565921 is still running
 Job 15565922 is still running
 Job 15565923 is still running
 Job 15565924 is still running
 Job 15565925 is still running
 Job 15565926 is still running
 Job 15565964 is still running
 Job 15565965 is still running
 Job 15565966 is still running
 Job 15565967 is still running
 Job 15565968 is still running
 Job 15565969 is still running
 Job 15565970 is still running
 Job 15565971 is still running
 Job 15565972 is still running
 Job 15565973 is still running
Sun Sep 11 20:59:47 2016: Submitting jobs...
18 more job(s) to submit
45 job(s) are running, and 0 are waiting
Submitting 10 job(s):
 TASK_ID 615:
  Result from submit: Submitted batch job 15565978 => job ID 15565978
 TASK_ID 616:
  Result from submit: Submitted batch job 15565979 => job ID 15565979
 TASK_ID 617:
  Result from submit: Submitted batch job 15565980 => job ID 15565980
 TASK_ID 618:
  Result from submit: Submitted batch job 15565981 => job ID 15565981
 TASK_ID 619:
  Result from submit: Submitted batch job 15565982 => job ID 15565982
 TASK_ID 620:
  Result from submit: Submitted batch job 15565983 => job ID 15565983
 TASK_ID 621:
  Result from submit: Submitted batch job 15565984 => job ID 15565984
 TASK_ID 622:
  Result from submit: Submitted batch job 15565985 => job ID 15565985
 TASK_ID 623:
  Result from submit: Submitted batch job 15565986 => job ID 15565986
 TASK_ID 624:
  Result from submit: Submitted batch job 15565987 => job ID 15565987
Sleeping...
Sun Sep 11 21:01:45 2016: Checking queue...
Number of jobs to check: 55
 Job 15565873 is still running
 Job 15565874 is still running
 Job 15565876 is still running
 Job 15565877 is still running
 Job 15565878 is still running
 Job 15565881 is still running
 Job 15565882 is still running
 Job 15565884 is still running
 Job 15565885 is still running
 Job 15565886 is still running
 Job 15565888 is still running
 Job 15565889 is still running
 Job 15565890 is still running
 Job 15565891 is still running
 Job 15565892 is still running
 Job 15565895 is still running
 Job 15565903 is still running
 Job 15565904 is still running
 Job 15565905 is still running
 Job 15565906 is still running
 Job 15565907 is still running
 Job 15565908 is still running
 Job 15565909 is still running
 Job 15565910 is still running
 Job 15565911 is still running
 Job 15565917 is still running
 Job 15565918 is still running
 Job 15565919 is still running
 Job 15565920 is still running
 Job 15565921 is still running
 Job 15565922 is still running
 Job 15565923 is still running
 Job 15565924 is still running
 Job 15565925 is still running
 Job 15565926 is still running
 Job 15565964 is still running
 Job 15565965 is still running
 Job 15565966 is still running
 Job 15565967 is still running
 Job 15565968 is still running
 Job 15565969 is still running
 Job 15565970 is still running
 Job 15565971 is still running
 Job 15565972 is still running
 Job 15565973 is still running
 Job 15565978 is still running
 Job 15565979 is still running
 Job 15565980 has finished:
       JobID               Start                 End  MaxVMSize     MaxRSS      State ExitCode 
  ------------ ------------------- ------------------- ---------- ---------- ---------- -------- 
  15565980     2016-09-11T21:00:01 2016-09-11T21:00:02                           FAILED      1:0 
  15565980.ba+ 2016-09-11T21:00:01 2016-09-11T21:00:02    212724K      1632K     FAILED      1:0 
 Job 15565981 is still running
 Job 15565982 is still running
 Job 15565983 is still running
 Job 15565984 is still running
 Job 15565985 is still running
 Job 15565986 is still running
 Job 15565987 is still running
Sun Sep 11 21:01:55 2016: Submitting jobs...
8 more job(s) to submit
54 job(s) are running, and 0 are waiting
Submitting 8 job(s):
 TASK_ID 625:
  Result from submit: Submitted batch job 15566003 => job ID 15566003
 TASK_ID 626:
  Result from submit: Submitted batch job 15566004 => job ID 15566004
 TASK_ID 627:
  Result from submit: Submitted batch job 15566005 => job ID 15566005
 TASK_ID 628:
  Result from submit: Submitted batch job 15566006 => job ID 15566006
 TASK_ID 629:
  Result from submit: Submitted batch job 15566007 => job ID 15566007
 TASK_ID 630:
  Result from submit: Submitted batch job 15566008 => job ID 15566008
 TASK_ID 631:
  Result from submit: Submitted batch job 15566009 => job ID 15566009
 TASK_ID 632:
  Result from submit: Submitted batch job 15566010 => job ID 15566010
Sleeping...
Sun Sep 11 21:03:57 2016: Checking queue...
Number of jobs to check: 62
 Job 15565873 is still running
 Job 15565874 is still running
 Job 15565876 is still running
 Job 15565877 is still running
 Job 15565878 is still running
 Job 15565881 is still running
 Job 15565882 is still running
 Job 15565884 is still running
 Job 15565885 is still running
 Job 15565886 is still running
 Job 15565888 is still running
 Job 15565889 is still running
 Job 15565890 is still running
 Job 15565891 is still running
 Job 15565892 is still running
 Job 15565895 is still running
 Job 15565903 is still running
 Job 15565904 is still running
 Job 15565905 is still running
 Job 15565906 is still running
 Job 15565907 is still running
 Job 15565908 is still running
 Job 15565909 is still running
 Job 15565910 is still running
 Job 15565911 is still running
 Job 15565917 is still running
 Job 15565918 is still running
 Job 15565919 is still running
 Job 15565920 is still running
 Job 15565921 is still running
 Job 15565922 is still running
 Job 15565923 is still running
 Job 15565924 is still running
 Job 15565925 is still running
 Job 15565926 is still running
 Job 15565964 is still running
 Job 15565965 is still running
 Job 15565966 is still running
 Job 15565967 is still running
 Job 15565968 is still running
 Job 15565969 is still running
 Job 15565970 is still running
 Job 15565971 is still running
 Job 15565972 is still running
 Job 15565973 is still running
 Job 15565978 is still running
 Job 15565979 is still running
 Job 15565981 is still running
 Job 15565982 is still running
 Job 15565983 is still running
 Job 15565984 is still running
 Job 15565985 is still running
 Job 15565986 is still running
 Job 15565987 is still running
 Job 15566003 is still running
 Job 15566004 is still running
 Job 15566005 is still running
 Job 15566006 is still running
 Job 15566007 is still running
 Job 15566008 is still running
 Job 15566009 is still running
 Job 15566010 is still running
All jobs have been submitted
62 job(s) are still running, and 0 are waiting
Sleeping...
Sun Sep 11 21:06:10 2016: Checking queue...
Number of jobs to check: 62
 Job 15565873 has finished:
       JobID               Start                 End  MaxVMSize     MaxRSS      State ExitCode 
  ------------ ------------------- ------------------- ---------- ---------- ---------- -------- 
  15565873     2016-09-11T20:49:49 2016-09-11T21:04:43                        COMPLETED      0:0 
  15565873.ba+ 2016-09-11T20:49:49 2016-09-11T21:04:43   1747240K   1371086K  COMPLETED      0:0 
 Job 15565874 has finished:
       JobID               Start                 End  MaxVMSize     MaxRSS      State ExitCode 
  ------------ ------------------- ------------------- ---------- ---------- ---------- -------- 
  15565874     2016-09-11T20:49:49 2016-09-11T21:04:49                        COMPLETED      0:0 
  15565874.ba+ 2016-09-11T20:49:49 2016-09-11T21:04:49   1511700K   1135238K  COMPLETED      0:0 
 Job 15565876 is still running
 Job 15565877 is still running
 Job 15565878 is still running
 Job 15565881 is still running
 Job 15565882 has finished:
       JobID               Start                 End  MaxVMSize     MaxRSS      State ExitCode 
  ------------ ------------------- ------------------- ---------- ---------- ---------- -------- 
  15565882     2016-09-11T20:50:00 2016-09-11T21:05:59                        COMPLETED      0:0 
  15565882.ba+ 2016-09-11T20:50:00 2016-09-11T21:05:59   1606096K   1228515K  COMPLETED      0:0 
 Job 15565884 has finished:
       JobID               Start                 End  MaxVMSize     MaxRSS      State ExitCode 
  ------------ ------------------- ------------------- ---------- ---------- ---------- -------- 
  15565884     2016-09-11T20:51:28 2016-09-11T21:05:34                        COMPLETED      0:0 
  15565884.ba+ 2016-09-11T20:51:28 2016-09-11T21:05:34   1558808K   1182953K  COMPLETED      0:0 
 Job 15565885 has finished:
       JobID               Start                 End  MaxVMSize     MaxRSS      State ExitCode 
  ------------ ------------------- ------------------- ---------- ---------- ---------- -------- 
  15565885     2016-09-11T20:51:28 2016-09-11T21:05:49                        COMPLETED      0:0 
  15565885.ba+ 2016-09-11T20:51:28 2016-09-11T21:05:49   1747240K   1370796K  COMPLETED      0:0 
 Job 15565886 is still running
 Job 15565888 is still running
 Job 15565889 is still running
 Job 15565890 is still running
 Job 15565891 is still running
 Job 15565892 is still running
 Job 15565895 is still running
 Job 15565903 is still running
 Job 15565904 is still running
 Job 15565905 is still running
 Job 15565906 is still running
 Job 15565907 is still running
 Job 15565908 is still running
 Job 15565909 is still running
 Job 15565910 is still running
 Job 15565911 is still running
 Job 15565917 is still running
 Job 15565918 is still running
 Job 15565919 is still running
 Job 15565920 is still running
 Job 15565921 is still running
 Job 15565922 is still running
 Job 15565923 is still running
 Job 15565924 is still running
 Job 15565925 is still running
 Job 15565926 is still running
 Job 15565964 is still running
 Job 15565965 is still running
 Job 15565966 is still running
 Job 15565967 is still running
 Job 15565968 is still running
 Job 15565969 is still running
 Job 15565970 is still running
 Job 15565971 is still running
 Job 15565972 is still running
 Job 15565973 is still running
 Job 15565978 is still running
 Job 15565979 is still running
 Job 15565981 is still running
 Job 15565982 is still running
 Job 15565983 is still running
 Job 15565984 is still running
 Job 15565985 is still running
 Job 15565986 is still running
 Job 15565987 is still running
 Job 15566003 is still running
 Job 15566004 is still running
 Job 15566005 is still running
 Job 15566006 is still running
 Job 15566007 is still running
 Job 15566008 is still running
 Job 15566009 is still running
 Job 15566010 is still running
57 job(s) are still running, and 0 are waiting
Sleeping...
Sun Sep 11 21:08:16 2016: Checking queue...
Number of jobs to check: 57
 Job 15565876 has finished:
       JobID               Start                 End  MaxVMSize     MaxRSS      State ExitCode 
  ------------ ------------------- ------------------- ---------- ---------- ---------- -------- 
  15565876     2016-09-11T20:50:00 2016-09-11T21:06:43                        COMPLETED      0:0 
  15565876.ba+ 2016-09-11T20:50:00 2016-09-11T21:06:43   1511880K   1134305K  COMPLETED      0:0 
 Job 15565877 has finished:
       JobID               Start                 End  MaxVMSize     MaxRSS      State ExitCode 
  ------------ ------------------- ------------------- ---------- ---------- ---------- -------- 
  15565877     2016-09-11T20:50:00 2016-09-11T21:08:03                        COMPLETED      0:0 
  15565877.ba+ 2016-09-11T20:50:00 2016-09-11T21:08:03   1558988K   1181430K  COMPLETED      0:0 
 Job 15565878 has finished:
       JobID               Start                 End  MaxVMSize     MaxRSS      State ExitCode 
  ------------ ------------------- ------------------- ---------- ---------- ---------- -------- 
  15565878     2016-09-11T20:50:00 2016-09-11T21:07:11                        COMPLETED      0:0 
  15565878.ba+ 2016-09-11T20:50:00 2016-09-11T21:07:11   1606096K   1228860K  COMPLETED      0:0 
 Job 15565881 has finished:
       JobID               Start                 End  MaxVMSize     MaxRSS      State ExitCode 
  ------------ ------------------- ------------------- ---------- ---------- ---------- -------- 
  15565881     2016-09-11T20:50:00 2016-09-11T21:07:13                        COMPLETED      0:0 
  15565881.ba+ 2016-09-11T20:50:00 2016-09-11T21:07:13   1606096K   1228859K  COMPLETED      0:0 
 Job 15565886 has finished:
       JobID               Start                 End  MaxVMSize     MaxRSS      State ExitCode 
  ------------ ------------------- ------------------- ---------- ---------- ---------- -------- 
  15565886     2016-09-11T20:51:28 2016-09-11T21:06:36                        COMPLETED      0:0 
  15565886.ba+ 2016-09-11T20:51:28 2016-09-11T21:06:36   1511700K   1135236K  COMPLETED      0:0 
 Job 15565888 has finished:
       JobID               Start                 End  MaxVMSize     MaxRSS      State ExitCode 
  ------------ ------------------- ------------------- ---------- ---------- ---------- -------- 
  15565888     2016-09-11T20:52:00 2016-09-11T21:07:52                        COMPLETED      0:0 
  15565888.ba+ 2016-09-11T20:52:00 2016-09-11T21:07:52   1511880K   1134319K  COMPLETED      0:0 
 Job 15565889 is still running
 Job 15565890 is still running
 Job 15565891 is still running
 Job 15565892 is still running
 Job 15565895 has finished:
       JobID               Start                 End  MaxVMSize     MaxRSS      State ExitCode 
  ------------ ------------------- ------------------- ---------- ---------- ---------- -------- 
  15565895     2016-09-11T20:52:00 2016-09-11T21:07:21                        COMPLETED      0:0 
  15565895.ba+ 2016-09-11T20:52:00 2016-09-11T21:07:21   1748240K   1370138K  COMPLETED      0:0 
 Job 15565903 is still running
 Job 15565904 is still running
 Job 15565905 is still running
 Job 15565906 is still running
 Job 15565907 is still running
 Job 15565908 is still running
 Job 15565909 is still running
 Job 15565910 is still running
 Job 15565911 is still running
 Job 15565917 is still running
 Job 15565918 is still running
 Job 15565919 is still running
 Job 15565920 is still running
 Job 15565921 is still running
 Job 15565922 is still running
 Job 15565923 is still running
 Job 15565924 is still running
 Job 15565925 is still running
 Job 15565926 is still running
 Job 15565964 is still running
 Job 15565965 is still running
 Job 15565966 is still running
 Job 15565967 is still running
 Job 15565968 is still running
 Job 15565969 is still running
 Job 15565970 is still running
 Job 15565971 is still running
 Job 15565972 is still running
 Job 15565973 is still running
 Job 15565978 is still running
 Job 15565979 is still running
 Job 15565981 is still running
 Job 15565982 is still running
 Job 15565983 is still running
 Job 15565984 is still running
 Job 15565985 is still running
 Job 15565986 is still running
 Job 15565987 is still running
 Job 15566003 is still running
 Job 15566004 is still running
 Job 15566005 is still running
 Job 15566006 is still running
 Job 15566007 is still running
 Job 15566008 is still running
 Job 15566009 is still running
 Job 15566010 is still running
50 job(s) are still running, and 0 are waiting
Sleeping...
Sun Sep 11 21:10:24 2016: Checking queue...
Number of jobs to check: 50
 Job 15565889 has finished:
       JobID               Start                 End  MaxVMSize     MaxRSS      State ExitCode 
  ------------ ------------------- ------------------- ---------- ---------- ---------- -------- 
  15565889     2016-09-11T20:52:00 2016-09-11T21:08:55                        COMPLETED      0:0 
  15565889.ba+ 2016-09-11T20:52:00 2016-09-11T21:08:55   1511880K   1134356K  COMPLETED      0:0 
 Job 15565890 has finished:
       JobID               Start                 End  MaxVMSize     MaxRSS      State ExitCode 
  ------------ ------------------- ------------------- ---------- ---------- ---------- -------- 
  15565890     2016-09-11T20:52:00 2016-09-11T21:08:59                        COMPLETED      0:0 
  15565890.ba+ 2016-09-11T20:52:00 2016-09-11T21:08:59   1606096K   1228571K  COMPLETED      0:0 
 Job 15565891 has finished:
       JobID               Start                 End  MaxVMSize     MaxRSS      State ExitCode 
  ------------ ------------------- ------------------- ---------- ---------- ---------- -------- 
  15565891     2016-09-11T20:52:00 2016-09-11T21:08:58                        COMPLETED      0:0 
  15565891.ba+ 2016-09-11T20:52:00 2016-09-11T21:08:58   1606096K   1159908K  COMPLETED      0:0 
 Job 15565892 has finished:
       JobID               Start                 End  MaxVMSize     MaxRSS      State ExitCode 
  ------------ ------------------- ------------------- ---------- ---------- ---------- -------- 
  15565892     2016-09-11T20:52:00 2016-09-11T21:08:18                        COMPLETED      0:0 
  15565892.ba+ 2016-09-11T20:52:00 2016-09-11T21:08:18   1558988K   1181467K  COMPLETED      0:0 
 Job 15565903 is still running
 Job 15565904 is still running
 Job 15565905 is still running
 Job 15565906 is still running
 Job 15565907 is still running
 Job 15565908 has finished:
       JobID               Start                 End  MaxVMSize     MaxRSS      State ExitCode 
  ------------ ------------------- ------------------- ---------- ---------- ---------- -------- 
  15565908     2016-09-11T20:54:00 2016-09-11T21:09:48                        COMPLETED      0:0 
  15565908.ba+ 2016-09-11T20:54:00 2016-09-11T21:09:48   1747420K   1370104K  COMPLETED      0:0 
 Job 15565909 is still running
 Job 15565910 is still running
 Job 15565911 is still running
 Job 15565917 has finished:
       JobID               Start                 End  MaxVMSize     MaxRSS      State ExitCode 
  ------------ ------------------- ------------------- ---------- ---------- ---------- -------- 
  15565917     2016-09-11T20:55:36 2016-09-11T21:09:47                        COMPLETED      0:0 
  15565917.ba+ 2016-09-11T20:55:36 2016-09-11T21:09:47   1748060K   1371038K  COMPLETED      0:0 
 Job 15565918 has finished:
       JobID               Start                 End  MaxVMSize     MaxRSS      State ExitCode 
  ------------ ------------------- ------------------- ---------- ---------- ---------- -------- 
  15565918     2016-09-11T20:55:36 2016-09-11T21:09:58                        COMPLETED      0:0 
  15565918.ba+ 2016-09-11T20:55:36 2016-09-11T21:09:58   1747240K   1370677K  COMPLETED      0:0 
 Job 15565919 has finished:
       JobID               Start                 End  MaxVMSize     MaxRSS      State ExitCode 
  ------------ ------------------- ------------------- ---------- ---------- ---------- -------- 
  15565919     2016-09-11T20:55:36 2016-09-11T21:09:43                        COMPLETED      0:0 
  15565919.ba+ 2016-09-11T20:55:36 2016-09-11T21:09:43   1748060K   1371976K  COMPLETED      0:0 
 Job 15565920 is still running
 Job 15565921 is still running
 Job 15565922 is still running
 Job 15565923 is still running
 Job 15565924 is still running
 Job 15565925 is still running
 Job 15565926 is still running
 Job 15565964 is still running
 Job 15565965 is still running
 Job 15565966 is still running
 Job 15565967 is still running
 Job 15565968 is still running
 Job 15565969 is still running
 Job 15565970 is still running
 Job 15565971 is still running
 Job 15565972 is still running
 Job 15565973 is still running
 Job 15565978 is still running
 Job 15565979 is still running
 Job 15565981 is still running
 Job 15565982 is still running
 Job 15565983 is still running
 Job 15565984 is still running
 Job 15565985 is still running
 Job 15565986 is still running
 Job 15565987 is still running
 Job 15566003 is still running
 Job 15566004 is still running
 Job 15566005 is still running
 Job 15566006 is still running
 Job 15566007 is still running
 Job 15566008 is still running
 Job 15566009 is still running
 Job 15566010 is still running
42 job(s) are still running, and 0 are waiting
Sleeping...
Sun Sep 11 21:12:33 2016: Checking queue...
Number of jobs to check: 42
 Job 15565903 has finished:
       JobID               Start                 End  MaxVMSize     MaxRSS      State ExitCode 
  ------------ ------------------- ------------------- ---------- ---------- ---------- -------- 
  15565903     2016-09-11T20:54:00 2016-09-11T21:10:21                        COMPLETED      0:0 
  15565903.ba+ 2016-09-11T20:54:00 2016-09-11T21:10:21   1511880K   1134423K  COMPLETED      0:0 
 Job 15565904 has finished:
       JobID               Start                 End  MaxVMSize     MaxRSS      State ExitCode 
  ------------ ------------------- ------------------- ---------- ---------- ---------- -------- 
  15565904     2016-09-11T20:54:00 2016-09-11T21:11:54                        COMPLETED      0:0 
  15565904.ba+ 2016-09-11T20:54:00 2016-09-11T21:11:54   1606096K   1228512K  COMPLETED      0:0 
 Job 15565905 has finished:
       JobID               Start                 End  MaxVMSize     MaxRSS      State ExitCode 
  ------------ ------------------- ------------------- ---------- ---------- ---------- -------- 
  15565905     2016-09-11T20:54:00 2016-09-11T21:10:57                        COMPLETED      0:0 
  15565905.ba+ 2016-09-11T20:54:00 2016-09-11T21:10:57   1606096K   1228516K  COMPLETED      0:0 
 Job 15565906 has finished:
       JobID               Start                 End  MaxVMSize     MaxRSS      State ExitCode 
  ------------ ------------------- ------------------- ---------- ---------- ---------- -------- 
  15565906     2016-09-11T20:54:00 2016-09-11T21:11:20                        COMPLETED      0:0 
  15565906.ba+ 2016-09-11T20:54:00 2016-09-11T21:11:20   1511880K   1134479K  COMPLETED      0:0 
 Job 15565907 has finished:
       JobID               Start                 End  MaxVMSize     MaxRSS      State ExitCode 
  ------------ ------------------- ------------------- ---------- ---------- ---------- -------- 
  15565907     2016-09-11T20:54:00 2016-09-11T21:11:23                        COMPLETED      0:0 
  15565907.ba+ 2016-09-11T20:54:00 2016-09-11T21:11:23   1606096K   1176032K  COMPLETED      0:0 
 Job 15565909 has finished:
       JobID               Start                 End  MaxVMSize     MaxRSS      State ExitCode 
  ------------ ------------------- ------------------- ---------- ---------- ---------- -------- 
  15565909     2016-09-11T20:54:00 2016-09-11T21:10:37                        COMPLETED      0:0 
  15565909.ba+ 2016-09-11T20:54:00 2016-09-11T21:10:37   1558988K   1181768K  COMPLETED      0:0 
 Job 15565910 has finished:
       JobID               Start                 End  MaxVMSize     MaxRSS      State ExitCode 
  ------------ ------------------- ------------------- ---------- ---------- ---------- -------- 
  15565910     2016-09-11T20:54:00 2016-09-11T21:11:04                        COMPLETED      0:0 
  15565910.ba+ 2016-09-11T20:54:00 2016-09-11T21:11:04   1606096K   1228808K  COMPLETED      0:0 
 Job 15565911 has finished:
       JobID               Start                 End  MaxVMSize     MaxRSS      State ExitCode 
  ------------ ------------------- ------------------- ---------- ---------- ---------- -------- 
  15565911     2016-09-11T20:54:00 2016-09-11T21:10:33                        COMPLETED      0:0 
  15565911.ba+ 2016-09-11T20:54:00 2016-09-11T21:10:33   1511880K   1134544K  COMPLETED      0:0 
 Job 15565920 is still running
 Job 15565921 is still running
 Job 15565922 is still running
 Job 15565923 is still running
 Job 15565924 is still running
 Job 15565925 is still running
 Job 15565926 is still running
 Job 15565964 is still running
 Job 15565965 is still running
 Job 15565966 is still running
 Job 15565967 is still running
 Job 15565968 is still running
 Job 15565969 is still running
 Job 15565970 is still running
 Job 15565971 is still running
 Job 15565972 is still running
 Job 15565973 is still running
 Job 15565978 is still running
 Job 15565979 is still running
 Job 15565981 is still running
 Job 15565982 is still running
 Job 15565983 is still running
 Job 15565984 is still running
 Job 15565985 is still running
 Job 15565986 is still running
 Job 15565987 is still running
 Job 15566003 is still running
 Job 15566004 is still running
 Job 15566005 is still running
 Job 15566006 is still running
 Job 15566007 is still running
 Job 15566008 is still running
 Job 15566009 is still running
 Job 15566010 is still running
34 job(s) are still running, and 0 are waiting
Sleeping...
Sun Sep 11 21:14:48 2016: Checking queue...
Number of jobs to check: 34
 Job 15565920 has finished:
       JobID               Start                 End  MaxVMSize     MaxRSS      State ExitCode 
  ------------ ------------------- ------------------- ---------- ---------- ---------- -------- 
  15565920     2016-09-11T20:56:00 2016-09-11T21:12:51                        COMPLETED      0:0 
  15565920.ba+ 2016-09-11T20:56:00 2016-09-11T21:12:51   1558988K   1182186K  COMPLETED      0:0 
 Job 15565921 is still running
 Job 15565922 is still running
 Job 15565923 has finished:
       JobID               Start                 End  MaxVMSize     MaxRSS      State ExitCode 
  ------------ ------------------- ------------------- ---------- ---------- ---------- -------- 
  15565923     2016-09-11T20:56:00 2016-09-11T21:14:17                        COMPLETED      0:0 
  15565923.ba+ 2016-09-11T20:56:00 2016-09-11T21:14:17   1747420K   1369757K  COMPLETED      0:0 
 Job 15565924 has finished:
       JobID               Start                 End  MaxVMSize     MaxRSS      State ExitCode 
  ------------ ------------------- ------------------- ---------- ---------- ---------- -------- 
  15565924     2016-09-11T20:56:00 2016-09-11T21:14:02                        COMPLETED      0:0 
  15565924.ba+ 2016-09-11T20:56:00 2016-09-11T21:14:02   1748240K   1370505K  COMPLETED      0:0 
 Job 15565925 has finished:
       JobID               Start                 End  MaxVMSize     MaxRSS      State ExitCode 
  ------------ ------------------- ------------------- ---------- ---------- ---------- -------- 
  15565925     2016-09-11T20:56:00 2016-09-11T21:14:15                        COMPLETED      0:0 
  15565925.ba+ 2016-09-11T20:56:00 2016-09-11T21:14:15   1747420K   1369763K  COMPLETED      0:0 
 Job 15565926 has finished:
       JobID               Start                 End  MaxVMSize     MaxRSS      State ExitCode 
  ------------ ------------------- ------------------- ---------- ---------- ---------- -------- 
  15565926     2016-09-11T20:56:00 2016-09-11T21:13:42                        COMPLETED      0:0 
  15565926.ba+ 2016-09-11T20:56:00 2016-09-11T21:13:42   1511880K   1134208K  COMPLETED      0:0 
 Job 15565964 is still running
 Job 15565965 is still running
 Job 15565966 is still running
 Job 15565967 is still running
 Job 15565968 is still running
 Job 15565969 is still running
 Job 15565970 is still running
 Job 15565971 is still running
 Job 15565972 is still running
 Job 15565973 is still running
 Job 15565978 is still running
 Job 15565979 is still running
 Job 15565981 is still running
 Job 15565982 is still running
 Job 15565983 is still running
 Job 15565984 is still running
 Job 15565985 is still running
 Job 15565986 is still running
 Job 15565987 is still running
 Job 15566003 is still running
 Job 15566004 is still running
 Job 15566005 is still running
 Job 15566006 is still running
 Job 15566007 is still running
 Job 15566008 is still running
 Job 15566009 is still running
 Job 15566010 is still running
29 job(s) are still running, and 0 are waiting
Sleeping...
Sun Sep 11 21:16:59 2016: Checking queue...
Number of jobs to check: 29
 Job 15565921 has finished:
       JobID               Start                 End  MaxVMSize     MaxRSS      State ExitCode 
  ------------ ------------------- ------------------- ---------- ---------- ---------- -------- 
  15565921     2016-09-11T20:56:00 2016-09-11T21:16:18                        COMPLETED      0:0 
  15565921.ba+ 2016-09-11T20:56:00 2016-09-11T21:16:18   1606096K   1228530K  COMPLETED      0:0 
 Job 15565922 has finished:
       JobID               Start                 End  MaxVMSize     MaxRSS      State ExitCode 
  ------------ ------------------- ------------------- ---------- ---------- ---------- -------- 
  15565922     2016-09-11T20:56:00 2016-09-11T21:15:15                        COMPLETED      0:0 
  15565922.ba+ 2016-09-11T20:56:00 2016-09-11T21:15:15   1748240K   1370309K  COMPLETED      0:0 
 Job 15565964 has finished:
       JobID               Start                 End  MaxVMSize     MaxRSS      State ExitCode 
  ------------ ------------------- ------------------- ---------- ---------- ---------- -------- 
  15565964     2016-09-11T20:58:01 2016-09-11T21:16:16                        COMPLETED      0:0 
  15565964.ba+ 2016-09-11T20:58:01 2016-09-11T21:16:16   1747420K   1369765K  COMPLETED      0:0 
 Job 15565965 has finished:
       JobID               Start                 End  MaxVMSize     MaxRSS      State ExitCode 
  ------------ ------------------- ------------------- ---------- ---------- ---------- -------- 
  15565965     2016-09-11T20:58:01 2016-09-11T21:16:38                        COMPLETED      0:0 
  15565965.ba+ 2016-09-11T20:58:01 2016-09-11T21:16:38   1511880K   1134207K  COMPLETED      0:0 
 Job 15565966 has finished:
       JobID               Start                 End  MaxVMSize     MaxRSS      State ExitCode 
  ------------ ------------------- ------------------- ---------- ---------- ---------- -------- 
  15565966     2016-09-11T20:58:01 2016-09-11T21:16:03                        COMPLETED      0:0 
  15565966.ba+ 2016-09-11T20:58:01 2016-09-11T21:16:03   1748240K   1370360K  COMPLETED      0:0 
 Job 15565967 has finished:
       JobID               Start                 End  MaxVMSize     MaxRSS      State ExitCode 
  ------------ ------------------- ------------------- ---------- ---------- ---------- -------- 
  15565967     2016-09-11T20:58:01 2016-09-11T21:16:25                        COMPLETED      0:0 
  15565967.ba+ 2016-09-11T20:58:01 2016-09-11T21:16:25   1748240K   1370490K  COMPLETED      0:0 
 Job 15565968 has finished:
       JobID               Start                 End  MaxVMSize     MaxRSS      State ExitCode 
  ------------ ------------------- ------------------- ---------- ---------- ---------- -------- 
  15565968     2016-09-11T20:58:01 2016-09-11T21:16:01                        COMPLETED      0:0 
  15565968.ba+ 2016-09-11T20:58:01 2016-09-11T21:16:01   1558988K   1181328K  COMPLETED      0:0 
 Job 15565969 has finished:
       JobID               Start                 End  MaxVMSize     MaxRSS      State ExitCode 
  ------------ ------------------- ------------------- ---------- ---------- ---------- -------- 
  15565969     2016-09-11T20:58:01 2016-09-11T21:16:02                        COMPLETED      0:0 
  15565969.ba+ 2016-09-11T20:58:01 2016-09-11T21:16:02   1511880K   1134215K  COMPLETED      0:0 
 Job 15565970 has finished:
       JobID               Start                 End  MaxVMSize     MaxRSS      State ExitCode 
  ------------ ------------------- ------------------- ---------- ---------- ---------- -------- 
  15565970     2016-09-11T20:58:01 2016-09-11T21:15:54                        COMPLETED      0:0 
  15565970.ba+ 2016-09-11T20:58:01 2016-09-11T21:15:54   1606096K   1228499K  COMPLETED      0:0 
 Job 15565971 has finished:
       JobID               Start                 End  MaxVMSize     MaxRSS      State ExitCode 
  ------------ ------------------- ------------------- ---------- ---------- ---------- -------- 
  15565971     2016-09-11T20:58:01 2016-09-11T21:16:13                        COMPLETED      0:0 
  15565971.ba+ 2016-09-11T20:58:01 2016-09-11T21:16:13   1747420K   1369756K  COMPLETED      0:0 
 Job 15565972 has finished:
       JobID               Start                 End  MaxVMSize     MaxRSS      State ExitCode 
  ------------ ------------------- ------------------- ---------- ---------- ---------- -------- 
  15565972     2016-09-11T20:58:01 2016-09-11T21:16:03                        COMPLETED      0:0 
  15565972.ba+ 2016-09-11T20:58:01 2016-09-11T21:16:03   1748240K   1370224K  COMPLETED      0:0 
 Job 15565973 has finished:
       JobID               Start                 End  MaxVMSize     MaxRSS      State ExitCode 
  ------------ ------------------- ------------------- ---------- ---------- ---------- -------- 
  15565973     2016-09-11T20:58:01 2016-09-11T21:16:26                        COMPLETED      0:0 
  15565973.ba+ 2016-09-11T20:58:01 2016-09-11T21:16:26   1747420K   1369760K  COMPLETED      0:0 
 Job 15565978 is still running
 Job 15565979 is still running
 Job 15565981 is still running
 Job 15565982 is still running
 Job 15565983 is still running
 Job 15565984 is still running
 Job 15565985 is still running
 Job 15565986 is still running
 Job 15565987 is still running
 Job 15566003 is still running
 Job 15566004 is still running
 Job 15566005 is still running
 Job 15566006 is still running
 Job 15566007 is still running
 Job 15566008 is still running
 Job 15566009 is still running
 Job 15566010 is still running
17 job(s) are still running, and 0 are waiting
Sleeping...
Sun Sep 11 21:19:07 2016: Checking queue...
Number of jobs to check: 17
 Job 15565978 has finished:
       JobID               Start                 End  MaxVMSize     MaxRSS      State ExitCode 
  ------------ ------------------- ------------------- ---------- ---------- ---------- -------- 
  15565978     2016-09-11T21:00:01 2016-09-11T21:18:53                        COMPLETED      0:0 
  15565978.ba+ 2016-09-11T21:00:01 2016-09-11T21:18:53   1748240K   1370563K  COMPLETED      0:0 
 Job 15565979 has finished:
       JobID               Start                 End  MaxVMSize     MaxRSS      State ExitCode 
  ------------ ------------------- ------------------- ---------- ---------- ---------- -------- 
  15565979     2016-09-11T21:00:01 2016-09-11T21:18:29                        COMPLETED      0:0 
  15565979.ba+ 2016-09-11T21:00:01 2016-09-11T21:18:29   1606096K   1228435K  COMPLETED      0:0 
 Job 15565981 has finished:
       JobID               Start                 End  MaxVMSize     MaxRSS      State ExitCode 
  ------------ ------------------- ------------------- ---------- ---------- ---------- -------- 
  15565981     2016-09-11T21:00:01 2016-09-11T21:17:59                        COMPLETED      0:0 
  15565981.ba+ 2016-09-11T21:00:01 2016-09-11T21:17:59   1747420K   1369786K  COMPLETED      0:0 
 Job 15565982 has finished:
       JobID               Start                 End  MaxVMSize     MaxRSS      State ExitCode 
  ------------ ------------------- ------------------- ---------- ---------- ---------- -------- 
  15565982     2016-09-11T21:00:01 2016-09-11T21:18:01                        COMPLETED      0:0 
  15565982.ba+ 2016-09-11T21:00:01 2016-09-11T21:18:01   1511880K   1134231K  COMPLETED      0:0 
 Job 15565983 has finished:
       JobID               Start                 End  MaxVMSize     MaxRSS      State ExitCode 
  ------------ ------------------- ------------------- ---------- ---------- ---------- -------- 
  15565983     2016-09-11T21:00:01 2016-09-11T21:18:10                        COMPLETED      0:0 
  15565983.ba+ 2016-09-11T21:00:01 2016-09-11T21:18:10   1606096K   1228439K  COMPLETED      0:0 
 Job 15565984 has finished:
       JobID               Start                 End  MaxVMSize     MaxRSS      State ExitCode 
  ------------ ------------------- ------------------- ---------- ---------- ---------- -------- 
  15565984     2016-09-11T21:00:01 2016-09-11T21:18:18                        COMPLETED      0:0 
  15565984.ba+ 2016-09-11T21:00:01 2016-09-11T21:18:18   1606096K   1228416K  COMPLETED      0:0 
 Job 15565985 has finished:
       JobID               Start                 End  MaxVMSize     MaxRSS      State ExitCode 
  ------------ ------------------- ------------------- ---------- ---------- ---------- -------- 
  15565985     2016-09-11T21:00:01 2016-09-11T21:18:16                        COMPLETED      0:0 
  15565985.ba+ 2016-09-11T21:00:01 2016-09-11T21:18:16   1511880K   1134223K  COMPLETED      0:0 
 Job 15565986 has finished:
       JobID               Start                 End  MaxVMSize     MaxRSS      State ExitCode 
  ------------ ------------------- ------------------- ---------- ---------- ---------- -------- 
  15565986     2016-09-11T21:00:01 2016-09-11T21:18:44                        COMPLETED      0:0 
  15565986.ba+ 2016-09-11T21:00:01 2016-09-11T21:18:44   1511880K   1134231K  COMPLETED      0:0 
 Job 15565987 has finished:
       JobID               Start                 End  MaxVMSize     MaxRSS      State ExitCode 
  ------------ ------------------- ------------------- ---------- ---------- ---------- -------- 
  15565987     2016-09-11T21:00:01 2016-09-11T21:18:05                        COMPLETED      0:0 
  15565987.ba+ 2016-09-11T21:00:01 2016-09-11T21:18:05   1606096K   1181347K  COMPLETED      0:0 
 Job 15566003 is still running
 Job 15566004 is still running
 Job 15566005 is still running
 Job 15566006 is still running
 Job 15566007 is still running
 Job 15566008 is still running
 Job 15566009 is still running
 Job 15566010 is still running
8 job(s) are still running, and 0 are waiting
Sleeping...
Sun Sep 11 21:21:23 2016: Checking queue...
Number of jobs to check: 8
 Job 15566003 has finished:
       JobID               Start                 End  MaxVMSize     MaxRSS      State ExitCode 
  ------------ ------------------- ------------------- ---------- ---------- ---------- -------- 
  15566003     2016-09-11T21:02:00 2016-09-11T21:19:25                        COMPLETED      0:0 
  15566003.ba+ 2016-09-11T21:02:00 2016-09-11T21:19:25   1747420K   1369827K  COMPLETED      0:0 
 Job 15566004 has finished:
       JobID               Start                 End  MaxVMSize     MaxRSS      State ExitCode 
  ------------ ------------------- ------------------- ---------- ---------- ---------- -------- 
  15566004     2016-09-11T21:02:00 2016-09-11T21:20:04                        COMPLETED      0:0 
  15566004.ba+ 2016-09-11T21:02:00 2016-09-11T21:20:04   1747420K   1369872K  COMPLETED      0:0 
 Job 15566005 has finished:
       JobID               Start                 End  MaxVMSize     MaxRSS      State ExitCode 
  ------------ ------------------- ------------------- ---------- ---------- ---------- -------- 
  15566005     2016-09-11T21:02:00 2016-09-11T21:20:27                        COMPLETED      0:0 
  15566005.ba+ 2016-09-11T21:02:00 2016-09-11T21:20:27   1558988K   1181424K  COMPLETED      0:0 
 Job 15566006 has finished:
       JobID               Start                 End  MaxVMSize     MaxRSS      State ExitCode 
  ------------ ------------------- ------------------- ---------- ---------- ---------- -------- 
  15566006     2016-09-11T21:02:00 2016-09-11T21:20:30                        COMPLETED      0:0 
  15566006.ba+ 2016-09-11T21:02:00 2016-09-11T21:20:30   1747420K   1369856K  COMPLETED      0:0 
 Job 15566007 has finished:
       JobID               Start                 End  MaxVMSize     MaxRSS      State ExitCode 
  ------------ ------------------- ------------------- ---------- ---------- ---------- -------- 
  15566007     2016-09-11T21:02:00 2016-09-11T21:20:36                        COMPLETED      0:0 
  15566007.ba+ 2016-09-11T21:02:00 2016-09-11T21:20:36   1606096K   1228419K  COMPLETED      0:0 
 Job 15566008 has finished:
       JobID               Start                 End  MaxVMSize     MaxRSS      State ExitCode 
  ------------ ------------------- ------------------- ---------- ---------- ---------- -------- 
  15566008     2016-09-11T21:02:00 2016-09-11T21:19:55                        COMPLETED      0:0 
  15566008.ba+ 2016-09-11T21:02:00 2016-09-11T21:19:55   1511880K   1134279K  COMPLETED      0:0 
 Job 15566009 has finished:
       JobID               Start                 End  MaxVMSize     MaxRSS      State ExitCode 
  ------------ ------------------- ------------------- ---------- ---------- ---------- -------- 
  15566009     2016-09-11T21:02:00 2016-09-11T21:20:25                        COMPLETED      0:0 
  15566009.ba+ 2016-09-11T21:02:00 2016-09-11T21:20:25   1511880K   1134323K  COMPLETED      0:0 
 Job 15566010 has finished:
       JobID               Start                 End  MaxVMSize     MaxRSS      State ExitCode 
  ------------ ------------------- ------------------- ---------- ---------- ---------- -------- 
  15566010     2016-09-11T21:02:00 2016-09-11T21:19:21                        COMPLETED      0:0 
  15566010.ba+ 2016-09-11T21:02:00 2016-09-11T21:19:21   1606096K   1230741K  COMPLETED      0:0 
Done.

No Modulefiles Currently Loaded.

Job script resource usage:
       JobID  MaxVMSize     MaxRSS 
------------ ---------- ---------- 
15565872.ba+    361604K      4045K 

Job step resource usage:
       JobID    JobName  AllocCPUS  MaxVMSize     MaxRSS    Elapsed ExitCode 
------------ ---------- ---------- ---------- ---------- ---------- -------- 
15565872     submitscr+          1                         00:32:35      0:0 
15565872.0   arrayrun_+          1    297576K      6916K   00:32:34      0:0 

Job 15565872 ("submitscript") completed on c16-35 at Sun Sep 11 21:21:35 CEST 2016
