Starting job 15565485 ("submitscript") on c16-28 at Sun Sep 11 19:56:35 CEST 2016
TASK_IDs to submit: 501,502,503,504,505,506,507,508,509,510,511,512,513,514,515,516,517,518,519,520,521,522,523,524,525,526,527,528,529,530,531,532,533,534,535,536,601,602,603,604,605,606,607,608,609,610,611,612,613,614,615,616,617,618,619,620,621,622,623,624,625,626,627,628,629,630,631,632
Command line: workerscript
Main job id: 15565485
Start time: 2016-09-11
Sun Sep 11 19:56:35 2016: Submitting jobs...
68 more job(s) to submit
0 job(s) are running, and 0 are waiting
Submitting 10 job(s):
 TASK_ID 501:
  Result from submit: Submitted batch job 15565488 => job ID 15565488
 TASK_ID 502:
  Result from submit: Submitted batch job 15565489 => job ID 15565489
 TASK_ID 503:
  Result from submit: Submitted batch job 15565490 => job ID 15565490
 TASK_ID 504:
  Result from submit: Submitted batch job 15565491 => job ID 15565491
 TASK_ID 505:
  Result from submit: Submitted batch job 15565492 => job ID 15565492
 TASK_ID 506:
  Result from submit: Submitted batch job 15565493 => job ID 15565493
 TASK_ID 507:
  Result from submit: Submitted batch job 15565494 => job ID 15565494
 TASK_ID 508:
  Result from submit: Submitted batch job 15565495 => job ID 15565495
 TASK_ID 509:
  Result from submit: Submitted batch job 15565496 => job ID 15565496
 TASK_ID 510:
  Result from submit: Submitted batch job 15565497 => job ID 15565497
Sleeping...
Sun Sep 11 19:58:39 2016: Checking queue...
Number of jobs to check: 10
 Job 15565488 is still running
 Job 15565489 is still running
 Job 15565490 has finished:
       JobID               Start                 End  MaxVMSize     MaxRSS      State ExitCode 
  ------------ ------------------- ------------------- ---------- ---------- ---------- -------- 
  15565490     2016-09-11T19:56:57 2016-09-11T19:56:59                           FAILED      1:0 
  15565490.ba+ 2016-09-11T19:56:57 2016-09-11T19:56:59    212724K      1809K     FAILED      1:0 
 Job 15565491 is still running
 Job 15565492 is still running
 Job 15565493 is still running
 Job 15565494 has finished:
       JobID               Start                 End  MaxVMSize     MaxRSS      State ExitCode 
  ------------ ------------------- ------------------- ---------- ---------- ---------- -------- 
  15565494     2016-09-11T19:56:57 2016-09-11T19:56:59                           FAILED      1:0 
  15565494.ba+ 2016-09-11T19:56:57 2016-09-11T19:56:59    212724K      1826K     FAILED      1:0 
 Job 15565495 has finished:
       JobID               Start                 End  MaxVMSize     MaxRSS      State ExitCode 
  ------------ ------------------- ------------------- ---------- ---------- ---------- -------- 
  15565495     2016-09-11T19:56:57 2016-09-11T19:56:59                           FAILED      1:0 
  15565495.ba+ 2016-09-11T19:56:57 2016-09-11T19:56:59    212724K      1804K     FAILED      1:0 
 Job 15565496 is still running
 Job 15565497 is still running
Sun Sep 11 19:58:50 2016: Submitting jobs...
58 more job(s) to submit
7 job(s) are running, and 0 are waiting
Submitting 10 job(s):
 TASK_ID 511:
  Result from submit: Submitted batch job 15565529 => job ID 15565529
 TASK_ID 512:
  Result from submit: Submitted batch job 15565530 => job ID 15565530
 TASK_ID 513:
  Result from submit: Submitted batch job 15565531 => job ID 15565531
 TASK_ID 514:
  Result from submit: Submitted batch job 15565532 => job ID 15565532
 TASK_ID 515:
  Result from submit: Submitted batch job 15565533 => job ID 15565533
 TASK_ID 516:
  Result from submit: Submitted batch job 15565534 => job ID 15565534
 TASK_ID 517:
  Result from submit: Submitted batch job 15565535 => job ID 15565535
 TASK_ID 518:
  Result from submit: Submitted batch job 15565536 => job ID 15565536
 TASK_ID 519:
  Result from submit: Submitted batch job 15565537 => job ID 15565537
 TASK_ID 520:
  Result from submit: Submitted batch job 15565538 => job ID 15565538
Sleeping...
Sun Sep 11 20:00:45 2016: Checking queue...
Number of jobs to check: 17
 Job 15565488 is still running
 Job 15565489 is still running
 Job 15565491 is still running
 Job 15565492 is still running
 Job 15565493 is still running
 Job 15565496 is still running
 Job 15565497 is still running
 Job 15565529 is still running
 Job 15565530 is still running
 Job 15565531 is still running
 Job 15565532 has finished:
       JobID               Start                 End  MaxVMSize     MaxRSS      State ExitCode 
  ------------ ------------------- ------------------- ---------- ---------- ---------- -------- 
  15565532     2016-09-11T19:58:58 2016-09-11T19:59:03                           FAILED      1:0 
  15565532.ba+ 2016-09-11T19:58:58 2016-09-11T19:59:03    212724K      1646K     FAILED      1:0 
 Job 15565533 is still running
 Job 15565534 is still running
 Job 15565535 is still running
 Job 15565536 is still running
 Job 15565537 is still running
 Job 15565538 is still running
Sun Sep 11 20:00:55 2016: Submitting jobs...
48 more job(s) to submit
16 job(s) are running, and 0 are waiting
Submitting 10 job(s):
 TASK_ID 521:
  Result from submit: Submitted batch job 15565544 => job ID 15565544
 TASK_ID 522:
  Result from submit: Submitted batch job 15565545 => job ID 15565545
 TASK_ID 523:
  Result from submit: Submitted batch job 15565546 => job ID 15565546
 TASK_ID 524:
  Result from submit: Submitted batch job 15565547 => job ID 15565547
 TASK_ID 525:
  Result from submit: Submitted batch job 15565548 => job ID 15565548
 TASK_ID 526:
  Result from submit: Submitted batch job 15565549 => job ID 15565549
 TASK_ID 527:
  Result from submit: Submitted batch job 15565550 => job ID 15565550
 TASK_ID 528:
  Result from submit: Submitted batch job 15565551 => job ID 15565551
 TASK_ID 529:
  Result from submit: Submitted batch job 15565552 => job ID 15565552
 TASK_ID 530:
  Result from submit: Submitted batch job 15565553 => job ID 15565553
Sleeping...
Sun Sep 11 20:02:59 2016: Checking queue...
Number of jobs to check: 26
 Job 15565488 is still running
 Job 15565489 is still running
 Job 15565491 is still running
 Job 15565492 is still running
 Job 15565493 is still running
 Job 15565496 is still running
 Job 15565497 is still running
 Job 15565529 is still running
 Job 15565530 is still running
 Job 15565531 is still running
 Job 15565533 is still running
 Job 15565534 is still running
 Job 15565535 is still running
 Job 15565536 is still running
 Job 15565537 is still running
 Job 15565538 is still running
 Job 15565544 is still running
 Job 15565545 is still running
 Job 15565546 is still running
 Job 15565547 is still running
 Job 15565548 is still running
 Job 15565549 is still running
 Job 15565550 is still running
 Job 15565551 is still running
 Job 15565552 is still running
 Job 15565553 has finished:
       JobID               Start                 End  MaxVMSize     MaxRSS      State ExitCode 
  ------------ ------------------- ------------------- ---------- ---------- ---------- -------- 
  15565553     2016-09-11T20:00:57 2016-09-11T20:00:58                           FAILED      1:0 
  15565553.ba+ 2016-09-11T20:00:57 2016-09-11T20:00:58    212724K      2416K     FAILED      1:0 
Sun Sep 11 20:03:10 2016: Submitting jobs...
38 more job(s) to submit
25 job(s) are running, and 0 are waiting
Submitting 10 job(s):
 TASK_ID 531:
  Result from submit: Submitted batch job 15565570 => job ID 15565570
 TASK_ID 532:
  Result from submit: Submitted batch job 15565571 => job ID 15565571
 TASK_ID 533:
  Result from submit: Submitted batch job 15565572 => job ID 15565572
 TASK_ID 534:
  Result from submit: Submitted batch job 15565573 => job ID 15565573
 TASK_ID 535:
  Result from submit: Submitted batch job 15565574 => job ID 15565574
 TASK_ID 536:
  Result from submit: Submitted batch job 15565575 => job ID 15565575
 TASK_ID 601:
  Result from submit: Submitted batch job 15565576 => job ID 15565576
 TASK_ID 602:
  Result from submit: Submitted batch job 15565577 => job ID 15565577
 TASK_ID 603:
  Result from submit: Submitted batch job 15565578 => job ID 15565578
 TASK_ID 604:
  Result from submit: Submitted batch job 15565579 => job ID 15565579
Sleeping...
Sun Sep 11 20:05:08 2016: Checking queue...
Number of jobs to check: 35
 Job 15565488 is still running
 Job 15565489 is still running
 Job 15565491 is still running
 Job 15565492 is still running
 Job 15565493 is still running
 Job 15565496 is still running
 Job 15565497 is still running
 Job 15565529 is still running
 Job 15565530 is still running
 Job 15565531 is still running
 Job 15565533 is still running
 Job 15565534 is still running
 Job 15565535 is still running
 Job 15565536 is still running
 Job 15565537 is still running
 Job 15565538 is still running
 Job 15565544 is still running
 Job 15565545 is still running
 Job 15565546 is still running
 Job 15565547 is still running
 Job 15565548 is still running
 Job 15565549 is still running
 Job 15565550 is still running
 Job 15565551 is still running
 Job 15565552 is still running
 Job 15565570 is still running
 Job 15565571 is still running
 Job 15565572 is still running
 Job 15565573 is still running
 Job 15565574 is still running
 Job 15565575 is still running
 Job 15565576 is still running
 Job 15565577 is still running
 Job 15565578 is still running
 Job 15565579 is still running
Sun Sep 11 20:05:19 2016: Submitting jobs...
28 more job(s) to submit
35 job(s) are running, and 0 are waiting
Submitting 10 job(s):
 TASK_ID 605:
  Result from submit: Submitted batch job 15565584 => job ID 15565584
 TASK_ID 606:
  Result from submit: Submitted batch job 15565585 => job ID 15565585
 TASK_ID 607:
  Result from submit: Submitted batch job 15565586 => job ID 15565586
 TASK_ID 608:
  Result from submit: Submitted batch job 15565587 => job ID 15565587
 TASK_ID 609:
  Result from submit: Submitted batch job 15565588 => job ID 15565588
 TASK_ID 610:
  Result from submit: Submitted batch job 15565589 => job ID 15565589
 TASK_ID 611:
  Result from submit: Submitted batch job 15565590 => job ID 15565590
 TASK_ID 612:
  Result from submit: Submitted batch job 15565591 => job ID 15565591
 TASK_ID 613:
  Result from submit: Submitted batch job 15565592 => job ID 15565592
 TASK_ID 614:
  Result from submit: Submitted batch job 15565593 => job ID 15565593
Sleeping...
Sun Sep 11 20:07:20 2016: Checking queue...
Number of jobs to check: 45
 Job 15565488 is still running
 Job 15565489 is still running
 Job 15565491 is still running
 Job 15565492 is still running
 Job 15565493 is still running
 Job 15565496 is still running
 Job 15565497 is still running
 Job 15565529 is still running
 Job 15565530 is still running
 Job 15565531 is still running
 Job 15565533 is still running
 Job 15565534 is still running
 Job 15565535 is still running
 Job 15565536 is still running
 Job 15565537 is still running
 Job 15565538 is still running
 Job 15565544 is still running
 Job 15565545 is still running
 Job 15565546 is still running
 Job 15565547 is still running
 Job 15565548 is still running
 Job 15565549 is still running
 Job 15565550 is still running
 Job 15565551 is still running
 Job 15565552 is still running
 Job 15565570 is still running
 Job 15565571 is still running
 Job 15565572 is still running
 Job 15565573 is still running
 Job 15565574 is still running
 Job 15565575 is still running
 Job 15565576 is still running
 Job 15565577 is still running
 Job 15565578 is still running
 Job 15565579 is still running
 Job 15565584 is still running
 Job 15565585 is still running
 Job 15565586 is still running
 Job 15565587 is still running
 Job 15565588 is still running
 Job 15565589 is still running
 Job 15565590 is still running
 Job 15565591 is still running
 Job 15565592 is still running
 Job 15565593 is still running
Sun Sep 11 20:07:31 2016: Submitting jobs...
18 more job(s) to submit
45 job(s) are running, and 0 are waiting
Submitting 10 job(s):
 TASK_ID 615:
  Result from submit: Submitted batch job 15565605 => job ID 15565605
 TASK_ID 616:
  Result from submit: Submitted batch job 15565606 => job ID 15565606
 TASK_ID 617:
  Result from submit: Submitted batch job 15565607 => job ID 15565607
 TASK_ID 618:
  Result from submit: Submitted batch job 15565608 => job ID 15565608
 TASK_ID 619:
  Result from submit: Submitted batch job 15565609 => job ID 15565609
 TASK_ID 620:
  Result from submit: Submitted batch job 15565610 => job ID 15565610
 TASK_ID 621:
  Result from submit: Submitted batch job 15565611 => job ID 15565611
 TASK_ID 622:
  Result from submit: Submitted batch job 15565612 => job ID 15565612
 TASK_ID 623:
  Result from submit: Submitted batch job 15565613 => job ID 15565613
 TASK_ID 624:
  Result from submit: Submitted batch job 15565614 => job ID 15565614
Sleeping...
Sun Sep 11 20:09:29 2016: Checking queue...
Number of jobs to check: 55
 Job 15565488 is still running
 Job 15565489 is still running
 Job 15565491 is still running
 Job 15565492 is still running
 Job 15565493 is still running
 Job 15565496 is still running
 Job 15565497 is still running
 Job 15565529 is still running
 Job 15565530 is still running
 Job 15565531 is still running
 Job 15565533 is still running
 Job 15565534 is still running
 Job 15565535 is still running
 Job 15565536 is still running
 Job 15565537 is still running
 Job 15565538 is still running
 Job 15565544 is still running
 Job 15565545 is still running
 Job 15565546 is still running
 Job 15565547 is still running
 Job 15565548 is still running
 Job 15565549 is still running
 Job 15565550 is still running
 Job 15565551 is still running
 Job 15565552 is still running
 Job 15565570 is still running
 Job 15565571 is still running
 Job 15565572 is still running
 Job 15565573 is still running
 Job 15565574 is still running
 Job 15565575 is still running
 Job 15565576 is still running
 Job 15565577 is still running
 Job 15565578 is still running
 Job 15565579 is still running
 Job 15565584 is still running
 Job 15565585 is still running
 Job 15565586 is still running
 Job 15565587 is still running
 Job 15565588 is still running
 Job 15565589 is still running
 Job 15565590 is still running
 Job 15565591 is still running
 Job 15565592 is still running
 Job 15565593 is still running
 Job 15565605 is still running
 Job 15565606 is still running
 Job 15565607 has finished:
       JobID               Start                 End  MaxVMSize     MaxRSS      State ExitCode 
  ------------ ------------------- ------------------- ---------- ---------- ---------- -------- 
  15565607     2016-09-11T20:07:58 2016-09-11T20:07:59                           FAILED      1:0 
  15565607.ba+ 2016-09-11T20:07:58 2016-09-11T20:07:59    212724K      1631K     FAILED      1:0 
 Job 15565608 is still running
 Job 15565609 is still running
 Job 15565610 is still running
 Job 15565611 is still running
 Job 15565612 is still running
 Job 15565613 is still running
 Job 15565614 is still running
Sun Sep 11 20:09:40 2016: Submitting jobs...
8 more job(s) to submit
54 job(s) are running, and 0 are waiting
Submitting 8 job(s):
 TASK_ID 625:
  Result from submit: Submitted batch job 15565622 => job ID 15565622
 TASK_ID 626:
  Result from submit: Submitted batch job 15565623 => job ID 15565623
 TASK_ID 627:
  Result from submit: Submitted batch job 15565624 => job ID 15565624
 TASK_ID 628:
  Result from submit: Submitted batch job 15565625 => job ID 15565625
 TASK_ID 629:
  Result from submit: Submitted batch job 15565626 => job ID 15565626
 TASK_ID 630:
  Result from submit: Submitted batch job 15565627 => job ID 15565627
 TASK_ID 631:
  Result from submit: Submitted batch job 15565628 => job ID 15565628
 TASK_ID 632:
  Result from submit: Submitted batch job 15565629 => job ID 15565629
Sleeping...
Sun Sep 11 20:11:44 2016: Checking queue...
Number of jobs to check: 62
 Job 15565488 is still running
 Job 15565489 is still running
 Job 15565491 is still running
 Job 15565492 is still running
 Job 15565493 is still running
 Job 15565496 is still running
 Job 15565497 is still running
 Job 15565529 is still running
 Job 15565530 is still running
 Job 15565531 is still running
 Job 15565533 is still running
 Job 15565534 is still running
 Job 15565535 is still running
 Job 15565536 is still running
 Job 15565537 is still running
 Job 15565538 is still running
 Job 15565544 is still running
 Job 15565545 is still running
 Job 15565546 is still running
 Job 15565547 is still running
 Job 15565548 is still running
 Job 15565549 is still running
 Job 15565550 is still running
 Job 15565551 is still running
 Job 15565552 is still running
 Job 15565570 is still running
 Job 15565571 is still running
 Job 15565572 is still running
 Job 15565573 is still running
 Job 15565574 is still running
 Job 15565575 is still running
 Job 15565576 is still running
 Job 15565577 is still running
 Job 15565578 is still running
 Job 15565579 is still running
 Job 15565584 is still running
 Job 15565585 is still running
 Job 15565586 is still running
 Job 15565587 is still running
 Job 15565588 is still running
 Job 15565589 is still running
 Job 15565590 is still running
 Job 15565591 is still running
 Job 15565592 is still running
 Job 15565593 is still running
 Job 15565605 is still running
 Job 15565606 is still running
 Job 15565608 is still running
 Job 15565609 is still running
 Job 15565610 is still running
 Job 15565611 is still running
 Job 15565612 is still running
 Job 15565613 is still running
 Job 15565614 is still running
 Job 15565622 is still running
 Job 15565623 is still running
 Job 15565624 is still running
 Job 15565625 is still running
 Job 15565626 is still running
 Job 15565627 is still running
 Job 15565628 is still running
 Job 15565629 is still running
All jobs have been submitted
62 job(s) are still running, and 0 are waiting
Sleeping...
Sun Sep 11 20:14:00 2016: Checking queue...
Number of jobs to check: 62
 Job 15565488 is still running
 Job 15565489 has finished:
       JobID               Start                 End  MaxVMSize     MaxRSS      State ExitCode 
  ------------ ------------------- ------------------- ---------- ---------- ---------- -------- 
  15565489     2016-09-11T19:56:57 2016-09-11T20:13:33                        COMPLETED      0:0 
  15565489.ba+ 2016-09-11T19:56:57 2016-09-11T20:13:33   1511880K   1134317K  COMPLETED      0:0 
 Job 15565491 has finished:
       JobID               Start                 End  MaxVMSize     MaxRSS      State ExitCode 
  ------------ ------------------- ------------------- ---------- ---------- ---------- -------- 
  15565491     2016-09-11T19:56:57 2016-09-11T20:13:10                        COMPLETED      0:0 
  15565491.ba+ 2016-09-11T19:56:57 2016-09-11T20:13:10   1748240K   1370370K  COMPLETED      0:0 
 Job 15565492 is still running
 Job 15565493 has finished:
       JobID               Start                 End  MaxVMSize     MaxRSS      State ExitCode 
  ------------ ------------------- ------------------- ---------- ---------- ---------- -------- 
  15565493     2016-09-11T19:56:57 2016-09-11T20:13:55                        COMPLETED      0:0 
  15565493.ba+ 2016-09-11T19:56:57 2016-09-11T20:13:55   1606096K   1228717K  COMPLETED      0:0 
 Job 15565496 has finished:
       JobID               Start                 End  MaxVMSize     MaxRSS      State ExitCode 
  ------------ ------------------- ------------------- ---------- ---------- ---------- -------- 
  15565496     2016-09-11T19:56:57 2016-09-11T20:13:33                        COMPLETED      0:0 
  15565496.ba+ 2016-09-11T19:56:57 2016-09-11T20:13:33   1606096K   1172929K  COMPLETED      0:0 
 Job 15565497 has finished:
       JobID               Start                 End  MaxVMSize     MaxRSS      State ExitCode 
  ------------ ------------------- ------------------- ---------- ---------- ---------- -------- 
  15565497     2016-09-11T19:56:57 2016-09-11T20:13:02                        COMPLETED      0:0 
  15565497.ba+ 2016-09-11T19:56:57 2016-09-11T20:13:02   1511880K   1134302K  COMPLETED      0:0 
 Job 15565529 is still running
 Job 15565530 is still running
 Job 15565531 is still running
 Job 15565533 is still running
 Job 15565534 is still running
 Job 15565535 is still running
 Job 15565536 is still running
 Job 15565537 is still running
 Job 15565538 has finished:
       JobID               Start                 End  MaxVMSize     MaxRSS      State ExitCode 
  ------------ ------------------- ------------------- ---------- ---------- ---------- -------- 
  15565538     2016-09-11T19:58:58 2016-09-11T20:13:25                        COMPLETED      0:0 
  15565538.ba+ 2016-09-11T19:58:58 2016-09-11T20:13:25   1511880K   1134544K  COMPLETED      0:0 
 Job 15565544 is still running
 Job 15565545 is still running
 Job 15565546 is still running
 Job 15565547 is still running
 Job 15565548 is still running
 Job 15565549 is still running
 Job 15565550 is still running
 Job 15565551 is still running
 Job 15565552 is still running
 Job 15565570 is still running
 Job 15565571 is still running
 Job 15565572 is still running
 Job 15565573 is still running
 Job 15565574 is still running
 Job 15565575 is still running
 Job 15565576 is still running
 Job 15565577 is still running
 Job 15565578 is still running
 Job 15565579 is still running
 Job 15565584 is still running
 Job 15565585 is still running
 Job 15565586 is still running
 Job 15565587 is still running
 Job 15565588 is still running
 Job 15565589 is still running
 Job 15565590 is still running
 Job 15565591 is still running
 Job 15565592 is still running
 Job 15565593 is still running
 Job 15565605 is still running
 Job 15565606 is still running
 Job 15565608 is still running
 Job 15565609 is still running
 Job 15565610 is still running
 Job 15565611 is still running
 Job 15565612 is still running
 Job 15565613 is still running
 Job 15565614 is still running
 Job 15565622 is still running
 Job 15565623 is still running
 Job 15565624 is still running
 Job 15565625 is still running
 Job 15565626 is still running
 Job 15565627 is still running
 Job 15565628 is still running
 Job 15565629 is still running
56 job(s) are still running, and 0 are waiting
Sleeping...
Sun Sep 11 20:16:07 2016: Checking queue...
Number of jobs to check: 56
 Job 15565488 has finished:
       JobID               Start                 End  MaxVMSize     MaxRSS      State ExitCode 
  ------------ ------------------- ------------------- ---------- ---------- ---------- -------- 
  15565488     2016-09-11T19:56:57 2016-09-11T20:14:11                        COMPLETED      0:0 
  15565488.ba+ 2016-09-11T19:56:57 2016-09-11T20:14:11   1747420K   1369877K  COMPLETED      0:0 
 Job 15565492 has finished:
       JobID               Start                 End  MaxVMSize     MaxRSS      State ExitCode 
  ------------ ------------------- ------------------- ---------- ---------- ---------- -------- 
  15565492     2016-09-11T19:56:57 2016-09-11T20:14:35                        COMPLETED      0:0 
  15565492.ba+ 2016-09-11T19:56:57 2016-09-11T20:14:35   1558988K   1181438K  COMPLETED      0:0 
 Job 15565529 has finished:
       JobID               Start                 End  MaxVMSize     MaxRSS      State ExitCode 
  ------------ ------------------- ------------------- ---------- ---------- ---------- -------- 
  15565529     2016-09-11T19:58:58 2016-09-11T20:15:54                        COMPLETED      0:0 
  15565529.ba+ 2016-09-11T19:58:58 2016-09-11T20:15:54   1558988K   1181464K  COMPLETED      0:0 
 Job 15565530 has finished:
       JobID               Start                 End  MaxVMSize     MaxRSS      State ExitCode 
  ------------ ------------------- ------------------- ---------- ---------- ---------- -------- 
  15565530     2016-09-11T19:58:58 2016-09-11T20:14:51                        COMPLETED      0:0 
  15565530.ba+ 2016-09-11T19:58:58 2016-09-11T20:14:51   1558988K   1181452K  COMPLETED      0:0 
 Job 15565531 has finished:
       JobID               Start                 End  MaxVMSize     MaxRSS      State ExitCode 
  ------------ ------------------- ------------------- ---------- ---------- ---------- -------- 
  15565531     2016-09-11T19:58:58 2016-09-11T20:15:43                        COMPLETED      0:0 
  15565531.ba+ 2016-09-11T19:58:58 2016-09-11T20:15:43   1748240K   1370594K  COMPLETED      0:0 
 Job 15565533 has finished:
       JobID               Start                 End  MaxVMSize     MaxRSS      State ExitCode 
  ------------ ------------------- ------------------- ---------- ---------- ---------- -------- 
  15565533     2016-09-11T19:58:58 2016-09-11T20:15:55                        COMPLETED      0:0 
  15565533.ba+ 2016-09-11T19:58:58 2016-09-11T20:15:55   1747420K   1369905K  COMPLETED      0:0 
 Job 15565534 has finished:
       JobID               Start                 End  MaxVMSize     MaxRSS      State ExitCode 
  ------------ ------------------- ------------------- ---------- ---------- ---------- -------- 
  15565534     2016-09-11T19:58:58 2016-09-11T20:15:43                        COMPLETED      0:0 
  15565534.ba+ 2016-09-11T19:58:58 2016-09-11T20:15:43   1511880K   1134392K  COMPLETED      0:0 
 Job 15565535 has finished:
       JobID               Start                 End  MaxVMSize     MaxRSS      State ExitCode 
  ------------ ------------------- ------------------- ---------- ---------- ---------- -------- 
  15565535     2016-09-11T19:58:58 2016-09-11T20:15:06                        COMPLETED      0:0 
  15565535.ba+ 2016-09-11T19:58:58 2016-09-11T20:15:06   1511880K   1134340K  COMPLETED      0:0 
 Job 15565536 is still running
 Job 15565537 has finished:
       JobID               Start                 End  MaxVMSize     MaxRSS      State ExitCode 
  ------------ ------------------- ------------------- ---------- ---------- ---------- -------- 
  15565537     2016-09-11T19:58:58 2016-09-11T20:14:39                        COMPLETED      0:0 
  15565537.ba+ 2016-09-11T19:58:58 2016-09-11T20:14:39   1748240K   1370551K  COMPLETED      0:0 
 Job 15565544 is still running
 Job 15565545 is still running
 Job 15565546 is still running
 Job 15565547 is still running
 Job 15565548 is still running
 Job 15565549 is still running
 Job 15565550 is still running
 Job 15565551 is still running
 Job 15565552 is still running
 Job 15565570 is still running
 Job 15565571 has finished:
       JobID               Start                 End  MaxVMSize     MaxRSS      State ExitCode 
  ------------ ------------------- ------------------- ---------- ---------- ---------- -------- 
  15565571     2016-09-11T20:03:16 2016-09-11T20:15:48                        COMPLETED      0:0 
  15565571.ba+ 2016-09-11T20:03:16 2016-09-11T20:15:48   1605916K   1182342K  COMPLETED      0:0 
 Job 15565572 is still running
 Job 15565573 is still running
 Job 15565574 is still running
 Job 15565575 is still running
 Job 15565576 is still running
 Job 15565577 is still running
 Job 15565578 is still running
 Job 15565579 is still running
 Job 15565584 is still running
 Job 15565585 is still running
 Job 15565586 is still running
 Job 15565587 is still running
 Job 15565588 is still running
 Job 15565589 is still running
 Job 15565590 is still running
 Job 15565591 is still running
 Job 15565592 is still running
 Job 15565593 is still running
 Job 15565605 is still running
 Job 15565606 is still running
 Job 15565608 is still running
 Job 15565609 is still running
 Job 15565610 is still running
 Job 15565611 is still running
 Job 15565612 is still running
 Job 15565613 is still running
 Job 15565614 is still running
 Job 15565622 is still running
 Job 15565623 is still running
 Job 15565624 is still running
 Job 15565625 is still running
 Job 15565626 is still running
 Job 15565627 is still running
 Job 15565628 is still running
 Job 15565629 is still running
46 job(s) are still running, and 0 are waiting
Sleeping...
Sun Sep 11 20:18:19 2016: Checking queue...
Number of jobs to check: 46
 Job 15565536 has finished:
       JobID               Start                 End  MaxVMSize     MaxRSS      State ExitCode 
  ------------ ------------------- ------------------- ---------- ---------- ---------- -------- 
  15565536     2016-09-11T19:58:58 2016-09-11T20:16:22                        COMPLETED      0:0 
  15565536.ba+ 2016-09-11T19:58:58 2016-09-11T20:16:22   1606096K   1228526K  COMPLETED      0:0 
 Job 15565544 has finished:
       JobID               Start                 End  MaxVMSize     MaxRSS      State ExitCode 
  ------------ ------------------- ------------------- ---------- ---------- ---------- -------- 
  15565544     2016-09-11T20:00:57 2016-09-11T20:17:22                        COMPLETED      0:0 
  15565544.ba+ 2016-09-11T20:00:57 2016-09-11T20:17:22   1606096K   1229120K  COMPLETED      0:0 
 Job 15565545 is still running
 Job 15565546 has finished:
       JobID               Start                 End  MaxVMSize     MaxRSS      State ExitCode 
  ------------ ------------------- ------------------- ---------- ---------- ---------- -------- 
  15565546     2016-09-11T20:00:57 2016-09-11T20:17:51                        COMPLETED      0:0 
  15565546.ba+ 2016-09-11T20:00:57 2016-09-11T20:17:51   1511880K   1134601K  COMPLETED      0:0 
 Job 15565547 is still running
 Job 15565548 is still running
 Job 15565549 is still running
 Job 15565550 is still running
 Job 15565551 is still running
 Job 15565552 is still running
 Job 15565570 has finished:
       JobID               Start                 End  MaxVMSize     MaxRSS      State ExitCode 
  ------------ ------------------- ------------------- ---------- ---------- ---------- -------- 
  15565570     2016-09-11T20:03:16 2016-09-11T20:17:27                        COMPLETED      0:0 
  15565570.ba+ 2016-09-11T20:03:16 2016-09-11T20:17:27   1558808K   1182628K  COMPLETED      0:0 
 Job 15565572 has finished:
       JobID               Start                 End  MaxVMSize     MaxRSS      State ExitCode 
  ------------ ------------------- ------------------- ---------- ---------- ---------- -------- 
  15565572     2016-09-11T20:03:16 2016-09-11T20:17:31                        COMPLETED      0:0 
  15565572.ba+ 2016-09-11T20:03:16 2016-09-11T20:17:31   1511700K   1135989K  COMPLETED      0:0 
 Job 15565573 is still running
 Job 15565574 is still running
 Job 15565575 is still running
 Job 15565576 is still running
 Job 15565577 is still running
 Job 15565578 is still running
 Job 15565579 is still running
 Job 15565584 is still running
 Job 15565585 is still running
 Job 15565586 is still running
 Job 15565587 is still running
 Job 15565588 is still running
 Job 15565589 is still running
 Job 15565590 is still running
 Job 15565591 is still running
 Job 15565592 is still running
 Job 15565593 is still running
 Job 15565605 is still running
 Job 15565606 is still running
 Job 15565608 is still running
 Job 15565609 is still running
 Job 15565610 is still running
 Job 15565611 is still running
 Job 15565612 is still running
 Job 15565613 is still running
 Job 15565614 is still running
 Job 15565622 is still running
 Job 15565623 is still running
 Job 15565624 is still running
 Job 15565625 is still running
 Job 15565626 is still running
 Job 15565627 is still running
 Job 15565628 is still running
 Job 15565629 is still running
41 job(s) are still running, and 0 are waiting
Sleeping...
Sun Sep 11 20:20:33 2016: Checking queue...
Number of jobs to check: 41
 Job 15565545 has finished:
       JobID               Start                 End  MaxVMSize     MaxRSS      State ExitCode 
  ------------ ------------------- ------------------- ---------- ---------- ---------- -------- 
  15565545     2016-09-11T20:00:57 2016-09-11T20:19:07                        COMPLETED      0:0 
  15565545.ba+ 2016-09-11T20:00:57 2016-09-11T20:19:07   1511880K   1134609K  COMPLETED      0:0 
 Job 15565547 has finished:
       JobID               Start                 End  MaxVMSize     MaxRSS      State ExitCode 
  ------------ ------------------- ------------------- ---------- ---------- ---------- -------- 
  15565547     2016-09-11T20:00:57 2016-09-11T20:18:57                        COMPLETED      0:0 
  15565547.ba+ 2016-09-11T20:00:57 2016-09-11T20:18:57   1748240K   1370915K  COMPLETED      0:0 
 Job 15565548 has finished:
       JobID               Start                 End  MaxVMSize     MaxRSS      State ExitCode 
  ------------ ------------------- ------------------- ---------- ---------- ---------- -------- 
  15565548     2016-09-11T20:00:57 2016-09-11T20:18:47                        COMPLETED      0:0 
  15565548.ba+ 2016-09-11T20:00:57 2016-09-11T20:18:47   1511880K   1134589K  COMPLETED      0:0 
 Job 15565549 has finished:
       JobID               Start                 End  MaxVMSize     MaxRSS      State ExitCode 
  ------------ ------------------- ------------------- ---------- ---------- ---------- -------- 
  15565549     2016-09-11T20:00:57 2016-09-11T20:19:12                        COMPLETED      0:0 
  15565549.ba+ 2016-09-11T20:00:57 2016-09-11T20:19:12   1558988K   1181340K  COMPLETED      0:0 
 Job 15565550 has finished:
       JobID               Start                 End  MaxVMSize     MaxRSS      State ExitCode 
  ------------ ------------------- ------------------- ---------- ---------- ---------- -------- 
  15565550     2016-09-11T20:00:57 2016-09-11T20:19:31                        COMPLETED      0:0 
  15565550.ba+ 2016-09-11T20:00:57 2016-09-11T20:19:31   1558988K   1181344K  COMPLETED      0:0 
 Job 15565551 has finished:
       JobID               Start                 End  MaxVMSize     MaxRSS      State ExitCode 
  ------------ ------------------- ------------------- ---------- ---------- ---------- -------- 
  15565551     2016-09-11T20:00:57 2016-09-11T20:19:38                        COMPLETED      0:0 
  15565551.ba+ 2016-09-11T20:00:57 2016-09-11T20:19:38   1606096K   1229038K  COMPLETED      0:0 
 Job 15565552 has finished:
       JobID               Start                 End  MaxVMSize     MaxRSS      State ExitCode 
  ------------ ------------------- ------------------- ---------- ---------- ---------- -------- 
  15565552     2016-09-11T20:00:57 2016-09-11T20:19:47                        COMPLETED      0:0 
  15565552.ba+ 2016-09-11T20:00:57 2016-09-11T20:19:47   1511880K   1134275K  COMPLETED      0:0 
 Job 15565573 is still running
 Job 15565574 is still running
 Job 15565575 is still running
 Job 15565576 is still running
 Job 15565577 is still running
 Job 15565578 is still running
 Job 15565579 is still running
 Job 15565584 has finished:
       JobID               Start                 End  MaxVMSize     MaxRSS      State ExitCode 
  ------------ ------------------- ------------------- ---------- ---------- ---------- -------- 
  15565584     2016-09-11T20:05:48 2016-09-11T20:19:04                        COMPLETED      0:0 
  15565584.ba+ 2016-09-11T20:05:48 2016-09-11T20:19:04   1748060K   1371613K  COMPLETED      0:0 
 Job 15565585 has finished:
       JobID               Start                 End  MaxVMSize     MaxRSS      State ExitCode 
  ------------ ------------------- ------------------- ---------- ---------- ---------- -------- 
  15565585     2016-09-11T20:05:48 2016-09-11T20:19:06                        COMPLETED      0:0 
  15565585.ba+ 2016-09-11T20:05:48 2016-09-11T20:19:06   1511700K   1135141K  COMPLETED      0:0 
 Job 15565586 has finished:
       JobID               Start                 End  MaxVMSize     MaxRSS      State ExitCode 
  ------------ ------------------- ------------------- ---------- ---------- ---------- -------- 
  15565586     2016-09-11T20:05:48 2016-09-11T20:19:06                        COMPLETED      0:0 
  15565586.ba+ 2016-09-11T20:05:48 2016-09-11T20:19:06   1558808K   1182435K  COMPLETED      0:0 
 Job 15565587 is still running
 Job 15565588 is still running
 Job 15565589 is still running
 Job 15565590 is still running
 Job 15565591 is still running
 Job 15565592 is still running
 Job 15565593 is still running
 Job 15565605 is still running
 Job 15565606 is still running
 Job 15565608 is still running
 Job 15565609 is still running
 Job 15565610 is still running
 Job 15565611 is still running
 Job 15565612 is still running
 Job 15565613 is still running
 Job 15565614 is still running
 Job 15565622 is still running
 Job 15565623 is still running
 Job 15565624 is still running
 Job 15565625 is still running
 Job 15565626 is still running
 Job 15565627 is still running
 Job 15565628 is still running
 Job 15565629 is still running
31 job(s) are still running, and 0 are waiting
Sleeping...
Sun Sep 11 20:22:41 2016: Checking queue...
Number of jobs to check: 31
 Job 15565573 is still running
 Job 15565574 is still running
 Job 15565575 has finished:
       JobID               Start                 End  MaxVMSize     MaxRSS      State ExitCode 
  ------------ ------------------- ------------------- ---------- ---------- ---------- -------- 
  15565575     2016-09-11T20:03:58 2016-09-11T20:22:30                        COMPLETED      0:0 
  15565575.ba+ 2016-09-11T20:03:58 2016-09-11T20:22:30   1606096K   1228589K  COMPLETED      0:0 
 Job 15565576 has finished:
       JobID               Start                 End  MaxVMSize     MaxRSS      State ExitCode 
  ------------ ------------------- ------------------- ---------- ---------- ---------- -------- 
  15565576     2016-09-11T20:03:58 2016-09-11T20:22:10                        COMPLETED      0:0 
  15565576.ba+ 2016-09-11T20:03:58 2016-09-11T20:22:10   1748240K   1370272K  COMPLETED      0:0 
 Job 15565577 has finished:
       JobID               Start                 End  MaxVMSize     MaxRSS      State ExitCode 
  ------------ ------------------- ------------------- ---------- ---------- ---------- -------- 
  15565577     2016-09-11T20:03:58 2016-09-11T20:22:02                        COMPLETED      0:0 
  15565577.ba+ 2016-09-11T20:03:58 2016-09-11T20:22:02   1748240K   1370511K  COMPLETED      0:0 
 Job 15565578 has finished:
       JobID               Start                 End  MaxVMSize     MaxRSS      State ExitCode 
  ------------ ------------------- ------------------- ---------- ---------- ---------- -------- 
  15565578     2016-09-11T20:03:58 2016-09-11T20:21:14                        COMPLETED      0:0 
  15565578.ba+ 2016-09-11T20:03:58 2016-09-11T20:21:14   1748240K   1370095K  COMPLETED      0:0 
 Job 15565579 has finished:
       JobID               Start                 End  MaxVMSize     MaxRSS      State ExitCode 
  ------------ ------------------- ------------------- ---------- ---------- ---------- -------- 
  15565579     2016-09-11T20:03:58 2016-09-11T20:21:24                        COMPLETED      0:0 
  15565579.ba+ 2016-09-11T20:03:58 2016-09-11T20:21:24   1511880K   1134211K  COMPLETED      0:0 
 Job 15565587 is still running
 Job 15565588 is still running
 Job 15565589 is still running
 Job 15565590 is still running
 Job 15565591 is still running
 Job 15565592 is still running
 Job 15565593 is still running
 Job 15565605 is still running
 Job 15565606 is still running
 Job 15565608 is still running
 Job 15565609 is still running
 Job 15565610 is still running
 Job 15565611 is still running
 Job 15565612 is still running
 Job 15565613 is still running
 Job 15565614 is still running
 Job 15565622 is still running
 Job 15565623 is still running
 Job 15565624 is still running
 Job 15565625 is still running
 Job 15565626 is still running
 Job 15565627 is still running
 Job 15565628 is still running
 Job 15565629 is still running
26 job(s) are still running, and 0 are waiting
Sleeping...
Sun Sep 11 20:24:47 2016: Checking queue...
Number of jobs to check: 26
 Job 15565573 has finished:
       JobID               Start                 End  MaxVMSize     MaxRSS      State ExitCode 
  ------------ ------------------- ------------------- ---------- ---------- ---------- -------- 
  15565573     2016-09-11T20:03:58 2016-09-11T20:23:07                        COMPLETED      0:0 
  15565573.ba+ 2016-09-11T20:03:58 2016-09-11T20:23:07   1748240K   1370538K  COMPLETED      0:0 
 Job 15565574 has finished:
       JobID               Start                 End  MaxVMSize     MaxRSS      State ExitCode 
  ------------ ------------------- ------------------- ---------- ---------- ---------- -------- 
  15565574     2016-09-11T20:03:58 2016-09-11T20:23:21                        COMPLETED      0:0 
  15565574.ba+ 2016-09-11T20:03:58 2016-09-11T20:23:21   1606096K   1134233K  COMPLETED      0:0 
 Job 15565587 has finished:
       JobID               Start                 End  MaxVMSize     MaxRSS      State ExitCode 
  ------------ ------------------- ------------------- ---------- ---------- ---------- -------- 
  15565587     2016-09-11T20:05:58 2016-09-11T20:23:37                        COMPLETED      0:0 
  15565587.ba+ 2016-09-11T20:05:58 2016-09-11T20:23:37   1511880K   1134210K  COMPLETED      0:0 
 Job 15565588 has finished:
       JobID               Start                 End  MaxVMSize     MaxRSS      State ExitCode 
  ------------ ------------------- ------------------- ---------- ---------- ---------- -------- 
  15565588     2016-09-11T20:05:58 2016-09-11T20:23:48                        COMPLETED      0:0 
  15565588.ba+ 2016-09-11T20:05:58 2016-09-11T20:23:48   1748240K   1370567K  COMPLETED      0:0 
 Job 15565589 has finished:
       JobID               Start                 End  MaxVMSize     MaxRSS      State ExitCode 
  ------------ ------------------- ------------------- ---------- ---------- ---------- -------- 
  15565589     2016-09-11T20:05:58 2016-09-11T20:23:46                        COMPLETED      0:0 
  15565589.ba+ 2016-09-11T20:05:58 2016-09-11T20:23:46   1511880K   1134218K  COMPLETED      0:0 
 Job 15565590 has finished:
       JobID               Start                 End  MaxVMSize     MaxRSS      State ExitCode 
  ------------ ------------------- ------------------- ---------- ---------- ---------- -------- 
  15565590     2016-09-11T20:05:58 2016-09-11T20:23:48                        COMPLETED      0:0 
  15565590.ba+ 2016-09-11T20:05:58 2016-09-11T20:23:48   1747420K   1369761K  COMPLETED      0:0 
 Job 15565591 has finished:
       JobID               Start                 End  MaxVMSize     MaxRSS      State ExitCode 
  ------------ ------------------- ------------------- ---------- ---------- ---------- -------- 
  15565591     2016-09-11T20:05:58 2016-09-11T20:24:35                        COMPLETED      0:0 
  15565591.ba+ 2016-09-11T20:05:58 2016-09-11T20:24:35   1606096K   1228477K  COMPLETED      0:0 
 Job 15565592 has finished:
       JobID               Start                 End  MaxVMSize     MaxRSS      State ExitCode 
  ------------ ------------------- ------------------- ---------- ---------- ---------- -------- 
  15565592     2016-09-11T20:05:58 2016-09-11T20:24:05                        COMPLETED      0:0 
  15565592.ba+ 2016-09-11T20:05:58 2016-09-11T20:24:05   1747420K   1369761K  COMPLETED      0:0 
 Job 15565593 has finished:
       JobID               Start                 End  MaxVMSize     MaxRSS      State ExitCode 
  ------------ ------------------- ------------------- ---------- ---------- ---------- -------- 
  15565593     2016-09-11T20:05:58 2016-09-11T20:23:43                        COMPLETED      0:0 
  15565593.ba+ 2016-09-11T20:05:58 2016-09-11T20:23:43   1511880K   1134222K  COMPLETED      0:0 
 Job 15565605 is still running
 Job 15565606 is still running
 Job 15565608 is still running
 Job 15565609 is still running
 Job 15565610 is still running
 Job 15565611 is still running
 Job 15565612 is still running
 Job 15565613 is still running
 Job 15565614 is still running
 Job 15565622 has finished:
       JobID               Start                 End  MaxVMSize     MaxRSS      State ExitCode 
  ------------ ------------------- ------------------- ---------- ---------- ---------- -------- 
  15565622     2016-09-11T20:09:49 2016-09-11T20:23:02                        COMPLETED      0:0 
  15565622.ba+ 2016-09-11T20:09:49 2016-09-11T20:23:02   1605916K   1229763K  COMPLETED      0:0 
 Job 15565623 has finished:
       JobID               Start                 End  MaxVMSize     MaxRSS      State ExitCode 
  ------------ ------------------- ------------------- ---------- ---------- ---------- -------- 
  15565623     2016-09-11T20:09:49 2016-09-11T20:23:39                        COMPLETED      0:0 
  15565623.ba+ 2016-09-11T20:09:49 2016-09-11T20:23:39   1748060K   1372128K  COMPLETED      0:0 
 Job 15565624 has finished:
       JobID               Start                 End  MaxVMSize     MaxRSS      State ExitCode 
  ------------ ------------------- ------------------- ---------- ---------- ---------- -------- 
  15565624     2016-09-11T20:09:49 2016-09-11T20:22:49                        COMPLETED      0:0 
  15565624.ba+ 2016-09-11T20:09:49 2016-09-11T20:22:49   1558808K   1183164K  COMPLETED      0:0 
 Job 15565625 is still running
 Job 15565626 is still running
 Job 15565627 is still running
 Job 15565628 is still running
 Job 15565629 is still running
14 job(s) are still running, and 0 are waiting
Sleeping...
Sun Sep 11 20:27:02 2016: Checking queue...
Number of jobs to check: 14
 Job 15565605 has finished:
       JobID               Start                 End  MaxVMSize     MaxRSS      State ExitCode 
  ------------ ------------------- ------------------- ---------- ---------- ---------- -------- 
  15565605     2016-09-11T20:07:58 2016-09-11T20:26:51                        COMPLETED      0:0 
  15565605.ba+ 2016-09-11T20:07:58 2016-09-11T20:26:51   1606096K   1228432K  COMPLETED      0:0 
 Job 15565606 has finished:
       JobID               Start                 End  MaxVMSize     MaxRSS      State ExitCode 
  ------------ ------------------- ------------------- ---------- ---------- ---------- -------- 
  15565606     2016-09-11T20:07:58 2016-09-11T20:25:18                        COMPLETED      0:0 
  15565606.ba+ 2016-09-11T20:07:58 2016-09-11T20:25:18   1511880K   1134229K  COMPLETED      0:0 
 Job 15565608 has finished:
       JobID               Start                 End  MaxVMSize     MaxRSS      State ExitCode 
  ------------ ------------------- ------------------- ---------- ---------- ---------- -------- 
  15565608     2016-09-11T20:07:58 2016-09-11T20:25:53                        COMPLETED      0:0 
  15565608.ba+ 2016-09-11T20:07:58 2016-09-11T20:25:53   1511880K   1134234K  COMPLETED      0:0 
 Job 15565609 has finished:
       JobID               Start                 End  MaxVMSize     MaxRSS      State ExitCode 
  ------------ ------------------- ------------------- ---------- ---------- ---------- -------- 
  15565609     2016-09-11T20:07:58 2016-09-11T20:25:32                        COMPLETED      0:0 
  15565609.ba+ 2016-09-11T20:07:58 2016-09-11T20:25:32   1606096K   1184053K  COMPLETED      0:0 
 Job 15565610 has finished:
       JobID               Start                 End  MaxVMSize     MaxRSS      State ExitCode 
  ------------ ------------------- ------------------- ---------- ---------- ---------- -------- 
  15565610     2016-09-11T20:07:58 2016-09-11T20:25:43                        COMPLETED      0:0 
  15565610.ba+ 2016-09-11T20:07:58 2016-09-11T20:25:43   1747420K   1369814K  COMPLETED      0:0 
 Job 15565611 has finished:
       JobID               Start                 End  MaxVMSize     MaxRSS      State ExitCode 
  ------------ ------------------- ------------------- ---------- ---------- ---------- -------- 
  15565611     2016-09-11T20:07:58 2016-09-11T20:25:41                        COMPLETED      0:0 
  15565611.ba+ 2016-09-11T20:07:58 2016-09-11T20:25:41   1748240K   1370043K  COMPLETED      0:0 
 Job 15565612 has finished:
       JobID               Start                 End  MaxVMSize     MaxRSS      State ExitCode 
  ------------ ------------------- ------------------- ---------- ---------- ---------- -------- 
  15565612     2016-09-11T20:07:58 2016-09-11T20:26:03                        COMPLETED      0:0 
  15565612.ba+ 2016-09-11T20:07:58 2016-09-11T20:26:03   1558988K   1181335K  COMPLETED      0:0 
 Job 15565613 has finished:
       JobID               Start                 End  MaxVMSize     MaxRSS      State ExitCode 
  ------------ ------------------- ------------------- ---------- ---------- ---------- -------- 
  15565613     2016-09-11T20:07:58 2016-09-11T20:26:24                        COMPLETED      0:0 
  15565613.ba+ 2016-09-11T20:07:58 2016-09-11T20:26:24   1748240K   1370563K  COMPLETED      0:0 
 Job 15565614 has finished:
       JobID               Start                 End  MaxVMSize     MaxRSS      State ExitCode 
  ------------ ------------------- ------------------- ---------- ---------- ---------- -------- 
  15565614     2016-09-11T20:07:58 2016-09-11T20:25:10                        COMPLETED      0:0 
  15565614.ba+ 2016-09-11T20:07:58 2016-09-11T20:25:10   1558988K   1181344K  COMPLETED      0:0 
 Job 15565625 is still running
 Job 15565626 is still running
 Job 15565627 is still running
 Job 15565628 is still running
 Job 15565629 is still running
5 job(s) are still running, and 0 are waiting
Sleeping...
Sun Sep 11 20:29:17 2016: Checking queue...
Number of jobs to check: 5
 Job 15565625 has finished:
       JobID               Start                 End  MaxVMSize     MaxRSS      State ExitCode 
  ------------ ------------------- ------------------- ---------- ---------- ---------- -------- 
  15565625     2016-09-11T20:09:58 2016-09-11T20:27:34                        COMPLETED      0:0 
  15565625.ba+ 2016-09-11T20:09:58 2016-09-11T20:27:34   1558988K   1181420K  COMPLETED      0:0 
 Job 15565626 has finished:
       JobID               Start                 End  MaxVMSize     MaxRSS      State ExitCode 
  ------------ ------------------- ------------------- ---------- ---------- ---------- -------- 
  15565626     2016-09-11T20:09:58 2016-09-11T20:28:31                        COMPLETED      0:0 
  15565626.ba+ 2016-09-11T20:09:58 2016-09-11T20:28:31   1748240K   1370322K  COMPLETED      0:0 
 Job 15565627 has finished:
       JobID               Start                 End  MaxVMSize     MaxRSS      State ExitCode 
  ------------ ------------------- ------------------- ---------- ---------- ---------- -------- 
  15565627     2016-09-11T20:09:58 2016-09-11T20:27:10                        COMPLETED      0:0 
  15565627.ba+ 2016-09-11T20:09:58 2016-09-11T20:27:10   1747420K   1369859K  COMPLETED      0:0 
 Job 15565628 has finished:
       JobID               Start                 End  MaxVMSize     MaxRSS      State ExitCode 
  ------------ ------------------- ------------------- ---------- ---------- ---------- -------- 
  15565628     2016-09-11T20:09:58 2016-09-11T20:28:01                        COMPLETED      0:0 
  15565628.ba+ 2016-09-11T20:09:58 2016-09-11T20:28:01   1747420K   1370049K  COMPLETED      0:0 
 Job 15565629 has finished:
       JobID               Start                 End  MaxVMSize     MaxRSS      State ExitCode 
  ------------ ------------------- ------------------- ---------- ---------- ---------- -------- 
  15565629     2016-09-11T20:09:58 2016-09-11T20:27:02                        COMPLETED      0:0 
  15565629.ba+ 2016-09-11T20:09:58 2016-09-11T20:27:02   1511880K   1134310K  COMPLETED      0:0 
Done.

No Modulefiles Currently Loaded.

Job script resource usage:
       JobID  MaxVMSize     MaxRSS 
------------ ---------- ---------- 
15565485.ba+    361604K      4538K 

Job step resource usage:
       JobID    JobName  AllocCPUS  MaxVMSize     MaxRSS    Elapsed ExitCode 
------------ ---------- ---------- ---------- ---------- ---------- -------- 
15565485     submitscr+          1                         00:32:55      0:0 
15565485.0   arrayrun_+          1    273896K      2977K   00:32:54      0:0 

Job 15565485 ("submitscript") completed on c16-28 at Sun Sep 11 20:29:29 CEST 2016
